

> @agent-kits/registry@1.0.0 lint /Users/lzuendorf/agent-kits/packages/registry
> biome check .

[0msrc/index.test.ts[0m[0m:[0m[0m1[0m[0m:[0m[0m26[0m[0m [0m[0m]8;;https://biomejs.dev/linter/rules/use-nodejs-import-protocol\lint/style/useNodejsImportProtocol]8;;\[0m[0m [0m[0m[30m[47m FIXABLE [0m[0m [0m[0m━━━━━━━━━━━━━━━━━━━━━━━━━━━━━━━━━━━━━━━━[0m[0m

[0m[0m  [0m[0m[1m[34mℹ[0m[0m [0m[0m[34mA Node.js builtin module should be imported with the [0m[0m[1m[34mnode:[0m[0m[34m protocol.[0m[0m
[0m[0m  [0m[0m
[0m[0m  [0m[0m[1m[31m>[0m[0m [0m[0m[1m1 │ [0m[0mi[0m[0mm[0m[0mp[0m[0mo[0m[0mr[0m[0mt[0m[0m [0m[0m{[0m[0m [0m[0me[0m[0mx[0m[0me[0m[0mc[0m[0mS[0m[0my[0m[0mn[0m[0mc[0m[0m [0m[0m}[0m[0m [0m[0mf[0m[0mr[0m[0mo[0m[0mm[0m[0m [0m[0m'[0m[0mc[0m[0mh[0m[0mi[0m[0ml[0m[0md[0m[0m_[0m[0mp[0m[0mr[0m[0mo[0m[0mc[0m[0me[0m[0ms[0m[0ms[0m[0m'[0m[0m;[0m[0m
[0m[0m  [0m[0m [0m[0m[1m   │ [0m[0m [0m[0m [0m[0m [0m[0m [0m[0m [0m[0m [0m[0m [0m[0m [0m[0m [0m[0m [0m[0m [0m[0m [0m[0m [0m[0m [0m[0m [0m[0m [0m[0m [0m[0m [0m[0m [0m[0m [0m[0m [0m[0m [0m[0m [0m[0m [0m[0m [0m[0m[1m[31m^[0m[0m[1m[31m^[0m[0m[1m[31m^[0m[0m[1m[31m^[0m[0m[1m[31m^[0m[0m[1m[31m^[0m[0m[1m[31m^[0m[0m[1m[31m^[0m[0m[1m[31m^[0m[0m[1m[31m^[0m[0m[1m[31m^[0m[0m[1m[31m^[0m[0m[1m[31m^[0m[0m[1m[31m^[0m[0m[1m[31m^[0m[0m
[0m[0m  [0m[0m  [0m[0m[1m2 │ [0m[0mi[0m[0mm[0m[0mp[0m[0mo[0m[0mr[0m[0mt[0m[0m [0m[0mt[0m[0my[0m[0mp[0m[0me[0m[0m [0m[0m{[0m[0m [0m[0mC[0m[0mo[0m[0mm[0m[0mm[0m[0ma[0m[0mn[0m[0md[0m[0m [0m[0m}[0m[0m [0m[0mf[0m[0mr[0m[0mo[0m[0mm[0m[0m [0m[0m'[0m[0mc[0m[0mo[0m[0mm[0m[0mm[0m[0ma[0m[0mn[0m[0md[0m[0me[0m[0mr[0m[0m'[0m[0m;[0m[0m
[0m[0m  [0m[0m  [0m[0m[1m3 │ [0m[0mi[0m[0mm[0m[0mp[0m[0mo[0m[0mr[0m[0mt[0m[0m [0m[0mf[0m[0ms[0m[0m [0m[0mf[0m[0mr[0m[0mo[0m[0mm[0m[0m [0m[0m'[0m[0mf[0m[0ms[0m[0m'[0m[0m;[0m[0m
[0m[0m  [0m[0m
[0m[0m  [0m[0m[1m[34mℹ[0m[0m [0m[0m[34mUsing the [0m[0m[1m[34mnode:[0m[0m[34m protocol is more explicit and signals that the imported module belongs to Node.js.[0m[0m
[0m[0m  [0m[0m
[0m[0m  [0m[0m[1m[34mℹ[0m[0m [0m[0m[34mUnsafe fix: Add the [0m[0m[1m[34mnode:[0m[0m[34m protocol.[0m[0m
[0m[0m  [0m[0m
[0m[0m  [0m[0m  [0m[0m[1m  1[0m[0m [0m[0m [0m[0m [0m[0m [0m[0m[1m │ [0m[0m[31m-[0m[0m [0m[0m[31mi[0m[0m[31mm[0m[0m[31mp[0m[0m[31mo[0m[0m[31mr[0m[0m[31mt[0m[0m[2m[31m·[0m[0m[31m{[0m[0m[2m[31m·[0m[0m[31me[0m[0m[31mx[0m[0m[31me[0m[0m[31mc[0m[0m[31mS[0m[0m[31my[0m[0m[31mn[0m[0m[31mc[0m[0m[2m[31m·[0m[0m[31m}[0m[0m[2m[31m·[0m[0m[31mf[0m[0m[31mr[0m[0m[31mo[0m[0m[31mm[0m[0m[2m[31m·[0m[0m[31m'[0m[0m[1m[31mc[0m[0m[1m[31mh[0m[0m[1m[31mi[0m[0m[1m[31ml[0m[0m[1m[31md[0m[0m[1m[31m_[0m[0m[1m[31mp[0m[0m[1m[31mr[0m[0m[1m[31mo[0m[0m[1m[31mc[0m[0m[1m[31me[0m[0m[1m[31ms[0m[0m[1m[31ms[0m[0m[31m'[0m[0m[31m;[0m[0m
[0m[0m  [0m[0m  [0m[0m [0m[0m [0m[0m [0m[0m [0m[0m[1m  1[0m[0m[1m │ [0m[0m[32m+[0m[0m [0m[0m[32mi[0m[0m[32mm[0m[0m[32mp[0m[0m[32mo[0m[0m[32mr[0m[0m[32mt[0m[0m[2m[32m·[0m[0m[32m{[0m[0m[2m[32m·[0m[0m[32me[0m[0m[32mx[0m[0m[32me[0m[0m[32mc[0m[0m[32mS[0m[0m[32my[0m[0m[32mn[0m[0m[32mc[0m[0m[2m[32m·[0m[0m[32m}[0m[0m[2m[32m·[0m[0m[32mf[0m[0m[32mr[0m[0m[32mo[0m[0m[32mm[0m[0m[2m[32m·[0m[0m[32m'[0m[0m[1m[32mn[0m[0m[1m[32mo[0m[0m[1m[32md[0m[0m[1m[32me[0m[0m[1m[32m:[0m[0m[1m[32mc[0m[0m[1m[32mh[0m[0m[1m[32mi[0m[0m[1m[32ml[0m[0m[1m[32md[0m[0m[1m[32m_[0m[0m[1m[32mp[0m[0m[1m[32mr[0m[0m[1m[32mo[0m[0m[1m[32mc[0m[0m[1m[32me[0m[0m[1m[32ms[0m[0m[1m[32ms[0m[0m[32m'[0m[0m[32m;[0m[0m
[0m[0m  [0m[0m  [0m[0m[1m  2[0m[0m [0m[0m[1m  2[0m[0m[1m │ [0m[0m [0m[0m [0m[0mi[0m[0mm[0m[0mp[0m[0mo[0m[0mr[0m[0mt[0m[0m [0m[0mt[0m[0my[0m[0mp[0m[0me[0m[0m [0m[0m{[0m[0m [0m[0mC[0m[0mo[0m[0mm[0m[0mm[0m[0ma[0m[0mn[0m[0md[0m[0m [0m[0m}[0m[0m [0m[0mf[0m[0mr[0m[0mo[0m[0mm[0m[0m [0m[0m'[0m[0mc[0m[0mo[0m[0mm[0m[0mm[0m[0ma[0m[0mn[0m[0md[0m[0me[0m[0mr[0m[0m'[0m[0m;[0m[0m
[0m[0m  [0m[0m  [0m[0m[1m  3[0m[0m [0m[0m[1m  3[0m[0m[1m │ [0m[0m [0m[0m [0m[0mi[0m[0mm[0m[0mp[0m[0mo[0m[0mr[0m[0mt[0m[0m [0m[0mf[0m[0ms[0m[0m [0m[0mf[0m[0mr[0m[0mo[0m[0mm[0m[0m [0m[0m'[0m[0mf[0m[0ms[0m[0m'[0m[0m;[0m[0m
[0m[0m  [0m[0m
[0m
[0msrc/index.test.ts[0m[0m:[0m[0m3[0m[0m:[0m[0m16[0m[0m [0m[0m]8;;https://biomejs.dev/linter/rules/use-nodejs-import-protocol\lint/style/useNodejsImportProtocol]8;;\[0m[0m [0m[0m[30m[47m FIXABLE [0m[0m [0m[0m━━━━━━━━━━━━━━━━━━━━━━━━━━━━━━━━━━━━━━━━[0m[0m

[0m[0m  [0m[0m[1m[34mℹ[0m[0m [0m[0m[34mA Node.js builtin module should be imported with the [0m[0m[1m[34mnode:[0m[0m[34m protocol.[0m[0m
[0m[0m  [0m[0m
[0m[0m  [0m[0m  [0m[0m[1m1 │ [0m[0mi[0m[0mm[0m[0mp[0m[0mo[0m[0mr[0m[0mt[0m[0m [0m[0m{[0m[0m [0m[0me[0m[0mx[0m[0me[0m[0mc[0m[0mS[0m[0my[0m[0mn[0m[0mc[0m[0m [0m[0m}[0m[0m [0m[0mf[0m[0mr[0m[0mo[0m[0mm[0m[0m [0m[0m'[0m[0mc[0m[0mh[0m[0mi[0m[0ml[0m[0md[0m[0m_[0m[0mp[0m[0mr[0m[0mo[0m[0mc[0m[0me[0m[0ms[0m[0ms[0m[0m'[0m[0m;[0m[0m
[0m[0m  [0m[0m  [0m[0m[1m2 │ [0m[0mi[0m[0mm[0m[0mp[0m[0mo[0m[0mr[0m[0mt[0m[0m [0m[0mt[0m[0my[0m[0mp[0m[0me[0m[0m [0m[0m{[0m[0m [0m[0mC[0m[0mo[0m[0mm[0m[0mm[0m[0ma[0m[0mn[0m[0md[0m[0m [0m[0m}[0m[0m [0m[0mf[0m[0mr[0m[0mo[0m[0mm[0m[0m [0m[0m'[0m[0mc[0m[0mo[0m[0mm[0m[0mm[0m[0ma[0m[0mn[0m[0md[0m[0me[0m[0mr[0m[0m'[0m[0m;[0m[0m
[0m[0m  [0m[0m[1m[31m>[0m[0m [0m[0m[1m3 │ [0m[0mi[0m[0mm[0m[0mp[0m[0mo[0m[0mr[0m[0mt[0m[0m [0m[0mf[0m[0ms[0m[0m [0m[0mf[0m[0mr[0m[0mo[0m[0mm[0m[0m [0m[0m'[0m[0mf[0m[0ms[0m[0m'[0m[0m;[0m[0m
[0m[0m  [0m[0m [0m[0m[1m   │ [0m[0m [0m[0m [0m[0m [0m[0m [0m[0m [0m[0m [0m[0m [0m[0m [0m[0m [0m[0m [0m[0m [0m[0m [0m[0m [0m[0m [0m[0m [0m[0m[1m[31m^[0m[0m[1m[31m^[0m[0m[1m[31m^[0m[0m[1m[31m^[0m[0m
[0m[0m  [0m[0m  [0m[0m[1m4 │ [0m[0mi[0m[0mm[0m[0mp[0m[0mo[0m[0mr[0m[0mt[0m[0m [0m[0mo[0m[0mr[0m[0ma[0m[0m [0m[0mf[0m[0mr[0m[0mo[0m[0mm[0m[0m [0m[0m'[0m[0mo[0m[0mr[0m[0ma[0m[0m'[0m[0m;[0m[0m
[0m[0m  [0m[0m  [0m[0m[1m5 │ [0m[0mi[0m[0mm[0m[0mp[0m[0mo[0m[0mr[0m[0mt[0m[0m [0m[0mp[0m[0mr[0m[0mo[0m[0mm[0m[0mp[0m[0mt[0m[0ms[0m[0m [0m[0mf[0m[0mr[0m[0mo[0m[0mm[0m[0m [0m[0m'[0m[0mp[0m[0mr[0m[0mo[0m[0mm[0m[0mp[0m[0mt[0m[0ms[0m[0m'[0m[0m;[0m[0m
[0m[0m  [0m[0m
[0m[0m  [0m[0m[1m[34mℹ[0m[0m [0m[0m[34mUsing the [0m[0m[1m[34mnode:[0m[0m[34m protocol is more explicit and signals that the imported module belongs to Node.js.[0m[0m
[0m[0m  [0m[0m
[0m[0m  [0m[0m[1m[34mℹ[0m[0m [0m[0m[34mUnsafe fix: Add the [0m[0m[1m[34mnode:[0m[0m[34m protocol.[0m[0m
[0m[0m  [0m[0m
[0m[0m  [0m[0m  [0m[0m[1m  1[0m[0m [0m[0m[1m  1[0m[0m[1m │ [0m[0m [0m[0m [0m[0mi[0m[0mm[0m[0mp[0m[0mo[0m[0mr[0m[0mt[0m[0m [0m[0m{[0m[0m [0m[0me[0m[0mx[0m[0me[0m[0mc[0m[0mS[0m[0my[0m[0mn[0m[0mc[0m[0m [0m[0m}[0m[0m [0m[0mf[0m[0mr[0m[0mo[0m[0mm[0m[0m [0m[0m'[0m[0mc[0m[0mh[0m[0mi[0m[0ml[0m[0md[0m[0m_[0m[0mp[0m[0mr[0m[0mo[0m[0mc[0m[0me[0m[0ms[0m[0ms[0m[0m'[0m[0m;[0m[0m
[0m[0m  [0m[0m  [0m[0m[1m  2[0m[0m [0m[0m[1m  2[0m[0m[1m │ [0m[0m [0m[0m [0m[0mi[0m[0mm[0m[0mp[0m[0mo[0m[0mr[0m[0mt[0m[0m [0m[0mt[0m[0my[0m[0mp[0m[0me[0m[0m [0m[0m{[0m[0m [0m[0mC[0m[0mo[0m[0mm[0m[0mm[0m[0ma[0m[0mn[0m[0md[0m[0m [0m[0m}[0m[0m [0m[0mf[0m[0mr[0m[0mo[0m[0mm[0m[0m [0m[0m'[0m[0mc[0m[0mo[0m[0mm[0m[0mm[0m[0ma[0m[0mn[0m[0md[0m[0me[0m[0mr[0m[0m'[0m[0m;[0m[0m
[0m[0m  [0m[0m  [0m[0m[1m  3[0m[0m [0m[0m [0m[0m [0m[0m [0m[0m[1m │ [0m[0m[31m-[0m[0m [0m[0m[31mi[0m[0m[31mm[0m[0m[31mp[0m[0m[31mo[0m[0m[31mr[0m[0m[31mt[0m[0m[2m[31m·[0m[0m[31mf[0m[0m[31ms[0m[0m[2m[31m·[0m[0m[31mf[0m[0m[31mr[0m[0m[31mo[0m[0m[31mm[0m[0m[2m[31m·[0m[0m[31m'[0m[0m[1m[31mf[0m[0m[1m[31ms[0m[0m[31m'[0m[0m[31m;[0m[0m
[0m[0m  [0m[0m  [0m[0m [0m[0m [0m[0m [0m[0m [0m[0m[1m  3[0m[0m[1m │ [0m[0m[32m+[0m[0m [0m[0m[32mi[0m[0m[32mm[0m[0m[32mp[0m[0m[32mo[0m[0m[32mr[0m[0m[32mt[0m[0m[2m[32m·[0m[0m[32mf[0m[0m[32ms[0m[0m[2m[32m·[0m[0m[32mf[0m[0m[32mr[0m[0m[32mo[0m[0m[32mm[0m[0m[2m[32m·[0m[0m[32m'[0m[0m[1m[32mn[0m[0m[1m[32mo[0m[0m[1m[32md[0m[0m[1m[32me[0m[0m[1m[32m:[0m[0m[1m[32mf[0m[0m[1m[32ms[0m[0m[32m'[0m[0m[32m;[0m[0m
[0m[0m  [0m[0m  [0m[0m[1m  4[0m[0m [0m[0m[1m  4[0m[0m[1m │ [0m[0m [0m[0m [0m[0mi[0m[0mm[0m[0mp[0m[0mo[0m[0mr[0m[0mt[0m[0m [0m[0mo[0m[0mr[0m[0ma[0m[0m [0m[0mf[0m[0mr[0m[0mo[0m[0mm[0m[0m [0m[0m'[0m[0mo[0m[0mr[0m[0ma[0m[0m'[0m[0m;[0m[0m
[0m[0m  [0m[0m  [0m[0m[1m  5[0m[0m [0m[0m[1m  5[0m[0m[1m │ [0m[0m [0m[0m [0m[0mi[0m[0mm[0m[0mp[0m[0mo[0m[0mr[0m[0mt[0m[0m [0m[0mp[0m[0mr[0m[0mo[0m[0mm[0m[0mp[0m[0mt[0m[0ms[0m[0m [0m[0mf[0m[0mr[0m[0mo[0m[0mm[0m[0m [0m[0m'[0m[0mp[0m[0mr[0m[0mo[0m[0mm[0m[0mp[0m[0mt[0m[0ms[0m[0m'[0m[0m;[0m[0m
[0m[0m  [0m[0m
[0m
[0msrc/index.ts[0m[0m:[0m[0m1[0m[0m:[0m[0m26[0m[0m [0m[0m]8;;https://biomejs.dev/linter/rules/use-nodejs-import-protocol\lint/style/useNodejsImportProtocol]8;;\[0m[0m [0m[0m[30m[47m FIXABLE [0m[0m [0m[0m━━━━━━━━━━━━━━━━━━━━━━━━━━━━━━━━━━━━━━━━━━━━━[0m[0m

[0m[0m  [0m[0m[1m[34mℹ[0m[0m [0m[0m[34mA Node.js builtin module should be imported with the [0m[0m[1m[34mnode:[0m[0m[34m protocol.[0m[0m
[0m[0m  [0m[0m
[0m[0m  [0m[0m[1m[31m>[0m[0m [0m[0m[1m1 │ [0m[0mi[0m[0mm[0m[0mp[0m[0mo[0m[0mr[0m[0mt[0m[0m [0m[0m{[0m[0m [0m[0me[0m[0mx[0m[0me[0m[0mc[0m[0mS[0m[0my[0m[0mn[0m[0mc[0m[0m [0m[0m}[0m[0m [0m[0mf[0m[0mr[0m[0mo[0m[0mm[0m[0m [0m[0m'[0m[0mc[0m[0mh[0m[0mi[0m[0ml[0m[0md[0m[0m_[0m[0mp[0m[0mr[0m[0mo[0m[0mc[0m[0me[0m[0ms[0m[0ms[0m[0m'[0m[0m;[0m[0m
[0m[0m  [0m[0m [0m[0m[1m   │ [0m[0m [0m[0m [0m[0m [0m[0m [0m[0m [0m[0m [0m[0m [0m[0m [0m[0m [0m[0m [0m[0m [0m[0m [0m[0m [0m[0m [0m[0m [0m[0m [0m[0m [0m[0m [0m[0m [0m[0m [0m[0m [0m[0m [0m[0m [0m[0m [0m[0m [0m[0m[1m[31m^[0m[0m[1m[31m^[0m[0m[1m[31m^[0m[0m[1m[31m^[0m[0m[1m[31m^[0m[0m[1m[31m^[0m[0m[1m[31m^[0m[0m[1m[31m^[0m[0m[1m[31m^[0m[0m[1m[31m^[0m[0m[1m[31m^[0m[0m[1m[31m^[0m[0m[1m[31m^[0m[0m[1m[31m^[0m[0m[1m[31m^[0m[0m
[0m[0m  [0m[0m  [0m[0m[1m2 │ [0m[0mi[0m[0mm[0m[0mp[0m[0mo[0m[0mr[0m[0mt[0m[0m [0m[0m{[0m[0m [0m[0mC[0m[0mo[0m[0mm[0m[0mm[0m[0ma[0m[0mn[0m[0md[0m[0m [0m[0m}[0m[0m [0m[0mf[0m[0mr[0m[0mo[0m[0mm[0m[0m [0m[0m'[0m[0mc[0m[0mo[0m[0mm[0m[0mm[0m[0ma[0m[0mn[0m[0md[0m[0me[0m[0mr[0m[0m'[0m[0m;[0m[0m
[0m[0m  [0m[0m  [0m[0m[1m3 │ [0m[0mi[0m[0mm[0m[0mp[0m[0mo[0m[0mr[0m[0mt[0m[0m [0m[0mf[0m[0ms[0m[0m [0m[0mf[0m[0mr[0m[0mo[0m[0mm[0m[0m [0m[0m'[0m[0mf[0m[0ms[0m[0m'[0m[0m;[0m[0m
[0m[0m  [0m[0m
[0m[0m  [0m[0m[1m[34mℹ[0m[0m [0m[0m[34mUsing the [0m[0m[1m[34mnode:[0m[0m[34m protocol is more explicit and signals that the imported module belongs to Node.js.[0m[0m
[0m[0m  [0m[0m
[0m[0m  [0m[0m[1m[34mℹ[0m[0m [0m[0m[34mUnsafe fix: Add the [0m[0m[1m[34mnode:[0m[0m[34m protocol.[0m[0m
[0m[0m  [0m[0m
[0m[0m  [0m[0m  [0m[0m[1m  1[0m[0m [0m[0m [0m[0m [0m[0m [0m[0m[1m │ [0m[0m[31m-[0m[0m [0m[0m[31mi[0m[0m[31mm[0m[0m[31mp[0m[0m[31mo[0m[0m[31mr[0m[0m[31mt[0m[0m[2m[31m·[0m[0m[31m{[0m[0m[2m[31m·[0m[0m[31me[0m[0m[31mx[0m[0m[31me[0m[0m[31mc[0m[0m[31mS[0m[0m[31my[0m[0m[31mn[0m[0m[31mc[0m[0m[2m[31m·[0m[0m[31m}[0m[0m[2m[31m·[0m[0m[31mf[0m[0m[31mr[0m[0m[31mo[0m[0m[31mm[0m[0m[2m[31m·[0m[0m[31m'[0m[0m[1m[31mc[0m[0m[1m[31mh[0m[0m[1m[31mi[0m[0m[1m[31ml[0m[0m[1m[31md[0m[0m[1m[31m_[0m[0m[1m[31mp[0m[0m[1m[31mr[0m[0m[1m[31mo[0m[0m[1m[31mc[0m[0m[1m[31me[0m[0m[1m[31ms[0m[0m[1m[31ms[0m[0m[31m'[0m[0m[31m;[0m[0m
[0m[0m  [0m[0m  [0m[0m [0m[0m [0m[0m [0m[0m [0m[0m[1m  1[0m[0m[1m │ [0m[0m[32m+[0m[0m [0m[0m[32mi[0m[0m[32mm[0m[0m[32mp[0m[0m[32mo[0m[0m[32mr[0m[0m[32mt[0m[0m[2m[32m·[0m[0m[32m{[0m[0m[2m[32m·[0m[0m[32me[0m[0m[32mx[0m[0m[32me[0m[0m[32mc[0m[0m[32mS[0m[0m[32my[0m[0m[32mn[0m[0m[32mc[0m[0m[2m[32m·[0m[0m[32m}[0m[0m[2m[32m·[0m[0m[32mf[0m[0m[32mr[0m[0m[32mo[0m[0m[32mm[0m[0m[2m[32m·[0m[0m[32m'[0m[0m[1m[32mn[0m[0m[1m[32mo[0m[0m[1m[32md[0m[0m[1m[32me[0m[0m[1m[32m:[0m[0m[1m[32mc[0m[0m[1m[32mh[0m[0m[1m[32mi[0m[0m[1m[32ml[0m[0m[1m[32md[0m[0m[1m[32m_[0m[0m[1m[32mp[0m[0m[1m[32mr[0m[0m[1m[32mo[0m[0m[1m[32mc[0m[0m[1m[32me[0m[0m[1m[32ms[0m[0m[1m[32ms[0m[0m[32m'[0m[0m[32m;[0m[0m
[0m[0m  [0m[0m  [0m[0m[1m  2[0m[0m [0m[0m[1m  2[0m[0m[1m │ [0m[0m [0m[0m [0m[0mi[0m[0mm[0m[0mp[0m[0mo[0m[0mr[0m[0mt[0m[0m [0m[0m{[0m[0m [0m[0mC[0m[0mo[0m[0mm[0m[0mm[0m[0ma[0m[0mn[0m[0md[0m[0m [0m[0m}[0m[0m [0m[0mf[0m[0mr[0m[0mo[0m[0mm[0m[0m [0m[0m'[0m[0mc[0m[0mo[0m[0mm[0m[0mm[0m[0ma[0m[0mn[0m[0md[0m[0me[0m[0mr[0m[0m'[0m[0m;[0m[0m
[0m[0m  [0m[0m  [0m[0m[1m  3[0m[0m [0m[0m[1m  3[0m[0m[1m │ [0m[0m [0m[0m [0m[0mi[0m[0mm[0m[0mp[0m[0mo[0m[0mr[0m[0mt[0m[0m [0m[0mf[0m[0ms[0m[0m [0m[0mf[0m[0mr[0m[0mo[0m[0mm[0m[0m [0m[0m'[0m[0mf[0m[0ms[0m[0m'[0m[0m;[0m[0m
[0m[0m  [0m[0m
[0m
[0msrc/index.ts[0m[0m:[0m[0m3[0m[0m:[0m[0m16[0m[0m [0m[0m]8;;https://biomejs.dev/linter/rules/use-nodejs-import-protocol\lint/style/useNodejsImportProtocol]8;;\[0m[0m [0m[0m[30m[47m FIXABLE [0m[0m [0m[0m━━━━━━━━━━━━━━━━━━━━━━━━━━━━━━━━━━━━━━━━━━━━━[0m[0m

[0m[0m  [0m[0m[1m[34mℹ[0m[0m [0m[0m[34mA Node.js builtin module should be imported with the [0m[0m[1m[34mnode:[0m[0m[34m protocol.[0m[0m
[0m[0m  [0m[0m
[0m[0m  [0m[0m  [0m[0m[1m1 │ [0m[0mi[0m[0mm[0m[0mp[0m[0mo[0m[0mr[0m[0mt[0m[0m [0m[0m{[0m[0m [0m[0me[0m[0mx[0m[0me[0m[0mc[0m[0mS[0m[0my[0m[0mn[0m[0mc[0m[0m [0m[0m}[0m[0m [0m[0mf[0m[0mr[0m[0mo[0m[0mm[0m[0m [0m[0m'[0m[0mc[0m[0mh[0m[0mi[0m[0ml[0m[0md[0m[0m_[0m[0mp[0m[0mr[0m[0mo[0m[0mc[0m[0me[0m[0ms[0m[0ms[0m[0m'[0m[0m;[0m[0m
[0m[0m  [0m[0m  [0m[0m[1m2 │ [0m[0mi[0m[0mm[0m[0mp[0m[0mo[0m[0mr[0m[0mt[0m[0m [0m[0m{[0m[0m [0m[0mC[0m[0mo[0m[0mm[0m[0mm[0m[0ma[0m[0mn[0m[0md[0m[0m [0m[0m}[0m[0m [0m[0mf[0m[0mr[0m[0mo[0m[0mm[0m[0m [0m[0m'[0m[0mc[0m[0mo[0m[0mm[0m[0mm[0m[0ma[0m[0mn[0m[0md[0m[0me[0m[0mr[0m[0m'[0m[0m;[0m[0m
[0m[0m  [0m[0m[1m[31m>[0m[0m [0m[0m[1m3 │ [0m[0mi[0m[0mm[0m[0mp[0m[0mo[0m[0mr[0m[0mt[0m[0m [0m[0mf[0m[0ms[0m[0m [0m[0mf[0m[0mr[0m[0mo[0m[0mm[0m[0m [0m[0m'[0m[0mf[0m[0ms[0m[0m'[0m[0m;[0m[0m
[0m[0m  [0m[0m [0m[0m[1m   │ [0m[0m [0m[0m [0m[0m [0m[0m [0m[0m [0m[0m [0m[0m [0m[0m [0m[0m [0m[0m [0m[0m [0m[0m [0m[0m [0m[0m [0m[0m [0m[0m[1m[31m^[0m[0m[1m[31m^[0m[0m[1m[31m^[0m[0m[1m[31m^[0m[0m
[0m[0m  [0m[0m  [0m[0m[1m4 │ [0m[0mi[0m[0mm[0m[0mp[0m[0mo[0m[0mr[0m[0mt[0m[0m [0m[0mo[0m[0mr[0m[0ma[0m[0m [0m[0mf[0m[0mr[0m[0mo[0m[0mm[0m[0m [0m[0m'[0m[0mo[0m[0mr[0m[0ma[0m[0m'[0m[0m;[0m[0m
[0m[0m  [0m[0m  [0m[0m[1m5 │ [0m[0mi[0m[0mm[0m[0mp[0m[0mo[0m[0mr[0m[0mt[0m[0m [0m[0mp[0m[0ma[0m[0mt[0m[0mh[0m[0m,[0m[0m [0m[0m{[0m[0m [0m[0md[0m[0mi[0m[0mr[0m[0mn[0m[0ma[0m[0mm[0m[0me[0m[0m [0m[0m}[0m[0m [0m[0mf[0m[0mr[0m[0mo[0m[0mm[0m[0m [0m[0m'[0m[0mp[0m[0ma[0m[0mt[0m[0mh[0m[0m'[0m[0m;[0m[0m
[0m[0m  [0m[0m
[0m[0m  [0m[0m[1m[34mℹ[0m[0m [0m[0m[34mUsing the [0m[0m[1m[34mnode:[0m[0m[34m protocol is more explicit and signals that the imported module belongs to Node.js.[0m[0m
[0m[0m  [0m[0m
[0m[0m  [0m[0m[1m[34mℹ[0m[0m [0m[0m[34mUnsafe fix: Add the [0m[0m[1m[34mnode:[0m[0m[34m protocol.[0m[0m
[0m[0m  [0m[0m
[0m[0m  [0m[0m  [0m[0m[1m  1[0m[0m [0m[0m[1m  1[0m[0m[1m │ [0m[0m [0m[0m [0m[0mi[0m[0mm[0m[0mp[0m[0mo[0m[0mr[0m[0mt[0m[0m [0m[0m{[0m[0m [0m[0me[0m[0mx[0m[0me[0m[0mc[0m[0mS[0m[0my[0m[0mn[0m[0mc[0m[0m [0m[0m}[0m[0m [0m[0mf[0m[0mr[0m[0mo[0m[0mm[0m[0m [0m[0m'[0m[0mc[0m[0mh[0m[0mi[0m[0ml[0m[0md[0m[0m_[0m[0mp[0m[0mr[0m[0mo[0m[0mc[0m[0me[0m[0ms[0m[0ms[0m[0m'[0m[0m;[0m[0m
[0m[0m  [0m[0m  [0m[0m[1m  2[0m[0m [0m[0m[1m  2[0m[0m[1m │ [0m[0m [0m[0m [0m[0mi[0m[0mm[0m[0mp[0m[0mo[0m[0mr[0m[0mt[0m[0m [0m[0m{[0m[0m [0m[0mC[0m[0mo[0m[0mm[0m[0mm[0m[0ma[0m[0mn[0m[0md[0m[0m [0m[0m}[0m[0m [0m[0mf[0m[0mr[0m[0mo[0m[0mm[0m[0m [0m[0m'[0m[0mc[0m[0mo[0m[0mm[0m[0mm[0m[0ma[0m[0mn[0m[0md[0m[0me[0m[0mr[0m[0m'[0m[0m;[0m[0m
[0m[0m  [0m[0m  [0m[0m[1m  3[0m[0m [0m[0m [0m[0m [0m[0m [0m[0m[1m │ [0m[0m[31m-[0m[0m [0m[0m[31mi[0m[0m[31mm[0m[0m[31mp[0m[0m[31mo[0m[0m[31mr[0m[0m[31mt[0m[0m[2m[31m·[0m[0m[31mf[0m[0m[31ms[0m[0m[2m[31m·[0m[0m[31mf[0m[0m[31mr[0m[0m[31mo[0m[0m[31mm[0m[0m[2m[31m·[0m[0m[31m'[0m[0m[1m[31mf[0m[0m[1m[31ms[0m[0m[31m'[0m[0m[31m;[0m[0m
[0m[0m  [0m[0m  [0m[0m [0m[0m [0m[0m [0m[0m [0m[0m[1m  3[0m[0m[1m │ [0m[0m[32m+[0m[0m [0m[0m[32mi[0m[0m[32mm[0m[0m[32mp[0m[0m[32mo[0m[0m[32mr[0m[0m[32mt[0m[0m[2m[32m·[0m[0m[32mf[0m[0m[32ms[0m[0m[2m[32m·[0m[0m[32mf[0m[0m[32mr[0m[0m[32mo[0m[0m[32mm[0m[0m[2m[32m·[0m[0m[32m'[0m[0m[1m[32mn[0m[0m[1m[32mo[0m[0m[1m[32md[0m[0m[1m[32me[0m[0m[1m[32m:[0m[0m[1m[32mf[0m[0m[1m[32ms[0m[0m[32m'[0m[0m[32m;[0m[0m
[0m[0m  [0m[0m  [0m[0m[1m  4[0m[0m [0m[0m[1m  4[0m[0m[1m │ [0m[0m [0m[0m [0m[0mi[0m[0mm[0m[0mp[0m[0mo[0m[0mr[0m[0mt[0m[0m [0m[0mo[0m[0mr[0m[0ma[0m[0m [0m[0mf[0m[0mr[0m[0mo[0m[0mm[0m[0m [0m[0m'[0m[0mo[0m[0mr[0m[0ma[0m[0m'[0m[0m;[0m[0m
[0m[0m  [0m[0m  [0m[0m[1m  5[0m[0m [0m[0m[1m  5[0m[0m[1m │ [0m[0m [0m[0m [0m[0mi[0m[0mm[0m[0mp[0m[0mo[0m[0mr[0m[0mt[0m[0m [0m[0mp[0m[0ma[0m[0mt[0m[0mh[0m[0m,[0m[0m [0m[0m{[0m[0m [0m[0md[0m[0mi[0m[0mr[0m[0mn[0m[0ma[0m[0mm[0m[0me[0m[0m [0m[0m}[0m[0m [0m[0mf[0m[0mr[0m[0mo[0m[0mm[0m[0m [0m[0m'[0m[0mp[0m[0ma[0m[0mt[0m[0mh[0m[0m'[0m[0m;[0m[0m
[0m[0m  [0m[0m
[0m
[0msrc/index.ts[0m[0m:[0m[0m5[0m[0m:[0m[0m31[0m[0m [0m[0m]8;;https://biomejs.dev/linter/rules/use-nodejs-import-protocol\lint/style/useNodejsImportProtocol]8;;\[0m[0m [0m[0m[30m[47m FIXABLE [0m[0m [0m[0m━━━━━━━━━━━━━━━━━━━━━━━━━━━━━━━━━━━━━━━━━━━━━[0m[0m

[0m[0m  [0m[0m[1m[34mℹ[0m[0m [0m[0m[34mA Node.js builtin module should be imported with the [0m[0m[1m[34mnode:[0m[0m[34m protocol.[0m[0m
[0m[0m  [0m[0m
[0m[0m  [0m[0m  [0m[0m[1m3 │ [0m[0mi[0m[0mm[0m[0mp[0m[0mo[0m[0mr[0m[0mt[0m[0m [0m[0mf[0m[0ms[0m[0m [0m[0mf[0m[0mr[0m[0mo[0m[0mm[0m[0m [0m[0m'[0m[0mf[0m[0ms[0m[0m'[0m[0m;[0m[0m
[0m[0m  [0m[0m  [0m[0m[1m4 │ [0m[0mi[0m[0mm[0m[0mp[0m[0mo[0m[0mr[0m[0mt[0m[0m [0m[0mo[0m[0mr[0m[0ma[0m[0m [0m[0mf[0m[0mr[0m[0mo[0m[0mm[0m[0m [0m[0m'[0m[0mo[0m[0mr[0m[0ma[0m[0m'[0m[0m;[0m[0m
[0m[0m  [0m[0m[1m[31m>[0m[0m [0m[0m[1m5 │ [0m[0mi[0m[0mm[0m[0mp[0m[0mo[0m[0mr[0m[0mt[0m[0m [0m[0mp[0m[0ma[0m[0mt[0m[0mh[0m[0m,[0m[0m [0m[0m{[0m[0m [0m[0md[0m[0mi[0m[0mr[0m[0mn[0m[0ma[0m[0mm[0m[0me[0m[0m [0m[0m}[0m[0m [0m[0mf[0m[0mr[0m[0mo[0m[0mm[0m[0m [0m[0m'[0m[0mp[0m[0ma[0m[0mt[0m[0mh[0m[0m'[0m[0m;[0m[0m
[0m[0m  [0m[0m [0m[0m[1m   │ [0m[0m [0m[0m [0m[0m [0m[0m [0m[0m [0m[0m [0m[0m [0m[0m [0m[0m [0m[0m [0m[0m [0m[0m [0m[0m [0m[0m [0m[0m [0m[0m [0m[0m [0m[0m [0m[0m [0m[0m [0m[0m [0m[0m [0m[0m [0m[0m [0m[0m [0m[0m [0m[0m [0m[0m [0m[0m [0m[0m [0m[0m[1m[31m^[0m[0m[1m[31m^[0m[0m[1m[31m^[0m[0m[1m[31m^[0m[0m[1m[31m^[0m[0m[1m[31m^[0m[0m
[0m[0m  [0m[0m  [0m[0m[1m6 │ [0m[0mi[0m[0mm[0m[0mp[0m[0mo[0m[0mr[0m[0mt[0m[0m [0m[0mp[0m[0mr[0m[0mo[0m[0mm[0m[0mp[0m[0mt[0m[0ms[0m[0m [0m[0mf[0m[0mr[0m[0mo[0m[0mm[0m[0m [0m[0m'[0m[0mp[0m[0mr[0m[0mo[0m[0mm[0m[0mp[0m[0mt[0m[0ms[0m[0m'[0m[0m;[0m[0m
[0m[0m  [0m[0m  [0m[0m[1m7 │ [0m[0mi[0m[0mm[0m[0mp[0m[0mo[0m[0mr[0m[0mt[0m[0m [0m[0m{[0m[0m [0m[0mf[0m[0mi[0m[0ml[0m[0me[0m[0mU[0m[0mR[0m[0mL[0m[0mT[0m[0mo[0m[0mP[0m[0ma[0m[0mt[0m[0mh[0m[0m [0m[0m}[0m[0m [0m[0mf[0m[0mr[0m[0mo[0m[0mm[0m[0m [0m[0m'[0m[0mu[0m[0mr[0m[0ml[0m[0m'[0m[0m;[0m[0m
[0m[0m  [0m[0m
[0m[0m  [0m[0m[1m[34mℹ[0m[0m [0m[0m[34mUsing the [0m[0m[1m[34mnode:[0m[0m[34m protocol is more explicit and signals that the imported module belongs to Node.js.[0m[0m
[0m[0m  [0m[0m
[0m[0m  [0m[0m[1m[34mℹ[0m[0m [0m[0m[34mUnsafe fix: Add the [0m[0m[1m[34mnode:[0m[0m[34m protocol.[0m[0m
[0m[0m  [0m[0m
[0m[0m  [0m[0m  [0m[0m[1m  3[0m[0m [0m[0m[1m  3[0m[0m[1m │ [0m[0m [0m[0m [0m[0mi[0m[0mm[0m[0mp[0m[0mo[0m[0mr[0m[0mt[0m[0m [0m[0mf[0m[0ms[0m[0m [0m[0mf[0m[0mr[0m[0mo[0m[0mm[0m[0m [0m[0m'[0m[0mf[0m[0ms[0m[0m'[0m[0m;[0m[0m
[0m[0m  [0m[0m  [0m[0m[1m  4[0m[0m [0m[0m[1m  4[0m[0m[1m │ [0m[0m [0m[0m [0m[0mi[0m[0mm[0m[0mp[0m[0mo[0m[0mr[0m[0mt[0m[0m [0m[0mo[0m[0mr[0m[0ma[0m[0m [0m[0mf[0m[0mr[0m[0mo[0m[0mm[0m[0m [0m[0m'[0m[0mo[0m[0mr[0m[0ma[0m[0m'[0m[0m;[0m[0m
[0m[0m  [0m[0m  [0m[0m[1m  5[0m[0m [0m[0m [0m[0m [0m[0m [0m[0m[1m │ [0m[0m[31m-[0m[0m [0m[0m[31mi[0m[0m[31mm[0m[0m[31mp[0m[0m[31mo[0m[0m[31mr[0m[0m[31mt[0m[0m[2m[31m·[0m[0m[31mp[0m[0m[31ma[0m[0m[31mt[0m[0m[31mh[0m[0m[31m,[0m[0m[2m[31m·[0m[0m[31m{[0m[0m[2m[31m·[0m[0m[31md[0m[0m[31mi[0m[0m[31mr[0m[0m[31mn[0m[0m[31ma[0m[0m[31mm[0m[0m[31me[0m[0m[2m[31m·[0m[0m[31m}[0m[0m[2m[31m·[0m[0m[31mf[0m[0m[31mr[0m[0m[31mo[0m[0m[31mm[0m[0m[2m[31m·[0m[0m[31m'[0m[0m[1m[31mp[0m[0m[1m[31ma[0m[0m[1m[31mt[0m[0m[1m[31mh[0m[0m[31m'[0m[0m[31m;[0m[0m
[0m[0m  [0m[0m  [0m[0m [0m[0m [0m[0m [0m[0m [0m[0m[1m  5[0m[0m[1m │ [0m[0m[32m+[0m[0m [0m[0m[32mi[0m[0m[32mm[0m[0m[32mp[0m[0m[32mo[0m[0m[32mr[0m[0m[32mt[0m[0m[2m[32m·[0m[0m[32mp[0m[0m[32ma[0m[0m[32mt[0m[0m[32mh[0m[0m[32m,[0m[0m[2m[32m·[0m[0m[32m{[0m[0m[2m[32m·[0m[0m[32md[0m[0m[32mi[0m[0m[32mr[0m[0m[32mn[0m[0m[32ma[0m[0m[32mm[0m[0m[32me[0m[0m[2m[32m·[0m[0m[32m}[0m[0m[2m[32m·[0m[0m[32mf[0m[0m[32mr[0m[0m[32mo[0m[0m[32mm[0m[0m[2m[32m·[0m[0m[32m'[0m[0m[1m[32mn[0m[0m[1m[32mo[0m[0m[1m[32md[0m[0m[1m[32me[0m[0m[1m[32m:[0m[0m[1m[32mp[0m[0m[1m[32ma[0m[0m[1m[32mt[0m[0m[1m[32mh[0m[0m[32m'[0m[0m[32m;[0m[0m
[0m[0m  [0m[0m  [0m[0m[1m  6[0m[0m [0m[0m[1m  6[0m[0m[1m │ [0m[0m [0m[0m [0m[0mi[0m[0mm[0m[0mp[0m[0mo[0m[0mr[0m[0mt[0m[0m [0m[0mp[0m[0mr[0m[0mo[0m[0mm[0m[0mp[0m[0mt[0m[0ms[0m[0m [0m[0mf[0m[0mr[0m[0mo[0m[0mm[0m[0m [0m[0m'[0m[0mp[0m[0mr[0m[0mo[0m[0mm[0m[0mp[0m[0mt[0m[0ms[0m[0m'[0m[0m;[0m[0m
[0m[0m  [0m[0m  [0m[0m[1m  7[0m[0m [0m[0m[1m  7[0m[0m[1m │ [0m[0m [0m[0m [0m[0mi[0m[0mm[0m[0mp[0m[0mo[0m[0mr[0m[0mt[0m[0m [0m[0m{[0m[0m [0m[0mf[0m[0mi[0m[0ml[0m[0me[0m[0mU[0m[0mR[0m[0mL[0m[0mT[0m[0mo[0m[0mP[0m[0ma[0m[0mt[0m[0mh[0m[0m [0m[0m}[0m[0m [0m[0mf[0m[0mr[0m[0mo[0m[0mm[0m[0m [0m[0m'[0m[0mu[0m[0mr[0m[0ml[0m[0m'[0m[0m;[0m[0m
[0m[0m  [0m[0m
[0m
[0msrc/index.ts[0m[0m:[0m[0m7[0m[0m:[0m[0m31[0m[0m [0m[0m]8;;https://biomejs.dev/linter/rules/use-nodejs-import-protocol\lint/style/useNodejsImportProtocol]8;;\[0m[0m [0m[0m[30m[47m FIXABLE [0m[0m [0m[0m━━━━━━━━━━━━━━━━━━━━━━━━━━━━━━━━━━━━━━━━━━━━━[0m[0m

[0m[0m  [0m[0m[1m[34mℹ[0m[0m [0m[0m[34mA Node.js builtin module should be imported with the [0m[0m[1m[34mnode:[0m[0m[34m protocol.[0m[0m
[0m[0m  [0m[0m
[0m[0m  [0m[0m  [0m[0m[1m5 │ [0m[0mi[0m[0mm[0m[0mp[0m[0mo[0m[0mr[0m[0mt[0m[0m [0m[0mp[0m[0ma[0m[0mt[0m[0mh[0m[0m,[0m[0m [0m[0m{[0m[0m [0m[0md[0m[0mi[0m[0mr[0m[0mn[0m[0ma[0m[0mm[0m[0me[0m[0m [0m[0m}[0m[0m [0m[0mf[0m[0mr[0m[0mo[0m[0mm[0m[0m [0m[0m'[0m[0mp[0m[0ma[0m[0mt[0m[0mh[0m[0m'[0m[0m;[0m[0m
[0m[0m  [0m[0m  [0m[0m[1m6 │ [0m[0mi[0m[0mm[0m[0mp[0m[0mo[0m[0mr[0m[0mt[0m[0m [0m[0mp[0m[0mr[0m[0mo[0m[0mm[0m[0mp[0m[0mt[0m[0ms[0m[0m [0m[0mf[0m[0mr[0m[0mo[0m[0mm[0m[0m [0m[0m'[0m[0mp[0m[0mr[0m[0mo[0m[0mm[0m[0mp[0m[0mt[0m[0ms[0m[0m'[0m[0m;[0m[0m
[0m[0m  [0m[0m[1m[31m>[0m[0m [0m[0m[1m7 │ [0m[0mi[0m[0mm[0m[0mp[0m[0mo[0m[0mr[0m[0mt[0m[0m [0m[0m{[0m[0m [0m[0mf[0m[0mi[0m[0ml[0m[0me[0m[0mU[0m[0mR[0m[0mL[0m[0mT[0m[0mo[0m[0mP[0m[0ma[0m[0mt[0m[0mh[0m[0m [0m[0m}[0m[0m [0m[0mf[0m[0mr[0m[0mo[0m[0mm[0m[0m [0m[0m'[0m[0mu[0m[0mr[0m[0ml[0m[0m'[0m[0m;[0m[0m
[0m[0m  [0m[0m [0m[0m[1m   │ [0m[0m [0m[0m [0m[0m [0m[0m [0m[0m [0m[0m [0m[0m [0m[0m [0m[0m [0m[0m [0m[0m [0m[0m [0m[0m [0m[0m [0m[0m [0m[0m [0m[0m [0m[0m [0m[0m [0m[0m [0m[0m [0m[0m [0m[0m [0m[0m [0m[0m [0m[0m [0m[0m [0m[0m [0m[0m [0m[0m [0m[0m[1m[31m^[0m[0m[1m[31m^[0m[0m[1m[31m^[0m[0m[1m[31m^[0m[0m[1m[31m^[0m[0m
[0m[0m  [0m[0m  [0m[0m[1m8 │ [0m[0m
[0m[0m  [0m[0m  [0m[0m[1m9 │ [0m[0mc[0m[0mo[0m[0mn[0m[0ms[0m[0mt[0m[0m [0m[0m_[0m[0m_[0m[0md[0m[0mi[0m[0mr[0m[0mn[0m[0ma[0m[0mm[0m[0me[0m[0m [0m[0m=[0m[0m [0m[0md[0m[0mi[0m[0mr[0m[0mn[0m[0ma[0m[0mm[0m[0me[0m[0m([0m[0mf[0m[0mi[0m[0ml[0m[0me[0m[0mU[0m[0mR[0m[0mL[0m[0mT[0m[0mo[0m[0mP[0m[0ma[0m[0mt[0m[0mh[0m[0m([0m[0mi[0m[0mm[0m[0mp[0m[0mo[0m[0mr[0m[0mt[0m[0m.[0m[0mm[0m[0me[0m[0mt[0m[0ma[0m[0m.[0m[0mu[0m[0mr[0m[0ml[0m[0m)[0m[0m)[0m[0m;[0m[0m
[0m[0m  [0m[0m
[0m[0m  [0m[0m[1m[34mℹ[0m[0m [0m[0m[34mUsing the [0m[0m[1m[34mnode:[0m[0m[34m protocol is more explicit and signals that the imported module belongs to Node.js.[0m[0m
[0m[0m  [0m[0m
[0m[0m  [0m[0m[1m[34mℹ[0m[0m [0m[0m[34mUnsafe fix: Add the [0m[0m[1m[34mnode:[0m[0m[34m protocol.[0m[0m
[0m[0m  [0m[0m
[0m[0m  [0m[0m  [0m[0m[1m  5[0m[0m [0m[0m[1m  5[0m[0m[1m │ [0m[0m [0m[0m [0m[0mi[0m[0mm[0m[0mp[0m[0mo[0m[0mr[0m[0mt[0m[0m [0m[0mp[0m[0ma[0m[0mt[0m[0mh[0m[0m,[0m[0m [0m[0m{[0m[0m [0m[0md[0m[0mi[0m[0mr[0m[0mn[0m[0ma[0m[0mm[0m[0me[0m[0m [0m[0m}[0m[0m [0m[0mf[0m[0mr[0m[0mo[0m[0mm[0m[0m [0m[0m'[0m[0mp[0m[0ma[0m[0mt[0m[0mh[0m[0m'[0m[0m;[0m[0m
[0m[0m  [0m[0m  [0m[0m[1m  6[0m[0m [0m[0m[1m  6[0m[0m[1m │ [0m[0m [0m[0m [0m[0mi[0m[0mm[0m[0mp[0m[0mo[0m[0mr[0m[0mt[0m[0m [0m[0mp[0m[0mr[0m[0mo[0m[0mm[0m[0mp[0m[0mt[0m[0ms[0m[0m [0m[0mf[0m[0mr[0m[0mo[0m[0mm[0m[0m [0m[0m'[0m[0mp[0m[0mr[0m[0mo[0m[0mm[0m[0mp[0m[0mt[0m[0ms[0m[0m'[0m[0m;[0m[0m
[0m[0m  [0m[0m  [0m[0m[1m  7[0m[0m [0m[0m [0m[0m [0m[0m [0m[0m[1m │ [0m[0m[31m-[0m[0m [0m[0m[31mi[0m[0m[31mm[0m[0m[31mp[0m[0m[31mo[0m[0m[31mr[0m[0m[31mt[0m[0m[2m[31m·[0m[0m[31m{[0m[0m[2m[31m·[0m[0m[31mf[0m[0m[31mi[0m[0m[31ml[0m[0m[31me[0m[0m[31mU[0m[0m[31mR[0m[0m[31mL[0m[0m[31mT[0m[0m[31mo[0m[0m[31mP[0m[0m[31ma[0m[0m[31mt[0m[0m[31mh[0m[0m[2m[31m·[0m[0m[31m}[0m[0m[2m[31m·[0m[0m[31mf[0m[0m[31mr[0m[0m[31mo[0m[0m[31mm[0m[0m[2m[31m·[0m[0m[31m'[0m[0m[1m[31mu[0m[0m[1m[31mr[0m[0m[1m[31ml[0m[0m[31m'[0m[0m[31m;[0m[0m
[0m[0m  [0m[0m  [0m[0m [0m[0m [0m[0m [0m[0m [0m[0m[1m  7[0m[0m[1m │ [0m[0m[32m+[0m[0m [0m[0m[32mi[0m[0m[32mm[0m[0m[32mp[0m[0m[32mo[0m[0m[32mr[0m[0m[32mt[0m[0m[2m[32m·[0m[0m[32m{[0m[0m[2m[32m·[0m[0m[32mf[0m[0m[32mi[0m[0m[32ml[0m[0m[32me[0m[0m[32mU[0m[0m[32mR[0m[0m[32mL[0m[0m[32mT[0m[0m[32mo[0m[0m[32mP[0m[0m[32ma[0m[0m[32mt[0m[0m[32mh[0m[0m[2m[32m·[0m[0m[32m}[0m[0m[2m[32m·[0m[0m[32mf[0m[0m[32mr[0m[0m[32mo[0m[0m[32mm[0m[0m[2m[32m·[0m[0m[32m'[0m[0m[1m[32mn[0m[0m[1m[32mo[0m[0m[1m[32md[0m[0m[1m[32me[0m[0m[1m[32m:[0m[0m[1m[32mu[0m[0m[1m[32mr[0m[0m[1m[32ml[0m[0m[32m'[0m[0m[32m;[0m[0m
[0m[0m  [0m[0m  [0m[0m[1m  8[0m[0m [0m[0m[1m  8[0m[0m[1m │ [0m[0m [0m[0m [0m[0m
[0m[0m  [0m[0m  [0m[0m[1m  9[0m[0m [0m[0m[1m  9[0m[0m[1m │ [0m[0m [0m[0m [0m[0mc[0m[0mo[0m[0mn[0m[0ms[0m[0mt[0m[0m [0m[0m_[0m[0m_[0m[0md[0m[0mi[0m[0mr[0m[0mn[0m[0ma[0m[0mm[0m[0me[0m[0m [0m[0m=[0m[0m [0m[0md[0m[0mi[0m[0mr[0m[0mn[0m[0ma[0m[0mm[0m[0me[0m[0m([0m[0mf[0m[0mi[0m[0ml[0m[0me[0m[0mU[0m[0mR[0m[0mL[0m[0mT[0m[0mo[0m[0mP[0m[0ma[0m[0mt[0m[0mh[0m[0m([0m[0mi[0m[0mm[0m[0mp[0m[0mo[0m[0mr[0m[0mt[0m[0m.[0m[0mm[0m[0me[0m[0mt[0m[0ma[0m[0m.[0m[0mu[0m[0mr[0m[0ml[0m[0m)[0m[0m)[0m[0m;[0m[0m
[0m[0m  [0m[0m
[0m
[0msrc/index.ts[0m[0m:[0m[0m76[0m[0m:[0m[0m12[0m[0m [0m[0m]8;;https://biomejs.dev/linter/rules/use-template\lint/style/useTemplate]8;;\[0m[0m [0m[0m[30m[47m FIXABLE [0m[0m [0m[0m━━━━━━━━━━━━━━━━━━━━━━━━━━━━━━━━━━━━━━━━━━━━━━━━━━━━━━━━[0m[0m

[0m[0m  [0m[0m[1m[34mℹ[0m[0m [0m[0m[1m[34mTemplate[0m[0m[34m literals are preferred over [0m[0m[1m[34mstring concatenation.[0m[0m
[0m[0m  [0m[0m
[0m[0m  [0m[0m  [0m[0m[1m74 │ [0m[0m [0m[0m [0m[0m [0m[0m [0m[0mc[0m[0mo[0m[0mn[0m[0ms[0m[0mt[0m[0m [0m[0mp[0m[0mr[0m[0me[0m[0mf[0m[0mi[0m[0mx[0m[0m [0m[0m=[0m[0m [0m[0mi[0m[0mn[0m[0md[0m[0me[0m[0mn[0m[0mt[0m[0m [0m[0m+[0m[0m [0m[0m([0m[0mi[0m[0ms[0m[0mL[0m[0ma[0m[0ms[0m[0mt[0m[0m [0m[0m?[0m[0m [0m[0m'[0m[0m└[0m[0m─[0m[0m─[0m[0m [0m[0m'[0m[0m [0m[0m:[0m[0m [0m[0m'[0m[0m├[0m[0m─[0m[0m─[0m[0m [0m[0m'[0m[0m)[0m[0m;[0m[0m
[0m[0m  [0m[0m  [0m[0m[1m75 │ [0m[0m
[0m[0m  [0m[0m[1m[31m>[0m[0m [0m[0m[1m76 │ [0m[0m [0m[0m [0m[0m [0m[0m [0m[0mm[0m[0ma[0m[0mp[0m[0m [0m[0m+[0m[0m=[0m[0m [0m[0mp[0m[0mr[0m[0me[0m[0mf[0m[0mi[0m[0mx[0m[0m [0m[0m+[0m[0m [0m[0mf[0m[0mi[0m[0ml[0m[0me[0m[0m [0m[0m+[0m[0m [0m[0m'[0m[0m\[0m[0mn[0m[0m'[0m[0m;[0m[0m
[0m[0m  [0m[0m [0m[0m [0m[0m[1m   │ [0m[0m [0m[0m [0m[0m [0m[0m [0m[0m [0m[0m [0m[0m [0m[0m [0m[0m [0m[0m [0m[0m [0m[0m[1m[31m^[0m[0m[1m[31m^[0m[0m[1m[31m^[0m[0m[1m[31m^[0m[0m[1m[31m^[0m[0m[1m[31m^[0m[0m[1m[31m^[0m[0m[1m[31m^[0m[0m[1m[31m^[0m[0m[1m[31m^[0m[0m[1m[31m^[0m[0m[1m[31m^[0m[0m[1m[31m^[0m[0m[1m[31m^[0m[0m[1m[31m^[0m[0m[1m[31m^[0m[0m[1m[31m^[0m[0m[1m[31m^[0m[0m[1m[31m^[0m[0m[1m[31m^[0m[0m
[0m[0m  [0m[0m  [0m[0m[1m77 │ [0m[0m
[0m[0m  [0m[0m  [0m[0m[1m78 │ [0m[0m [0m[0m [0m[0m [0m[0m [0m[0mc[0m[0mo[0m[0mn[0m[0ms[0m[0mt[0m[0m [0m[0ms[0m[0mt[0m[0ma[0m[0mt[0m[0m [0m[0m=[0m[0m [0m[0mf[0m[0ms[0m[0m.[0m[0ms[0m[0mt[0m[0ma[0m[0mt[0m[0mS[0m[0my[0m[0mn[0m[0mc[0m[0m([0m[0mf[0m[0mi[0m[0ml[0m[0me[0m[0mP[0m[0ma[0m[0mt[0m[0mh[0m[0m)[0m[0m [0m[0ma[0m[0ms[0m[0m [0m[0ma[0m[0mn[0m[0my[0m[0m;[0m[0m
[0m[0m  [0m[0m
[0m[0m  [0m[0m[1m[34mℹ[0m[0m [0m[0m[34mUnsafe fix: Use a [0m[0m[1m[34mtemplate literal[0m[0m[34m.[0m[0m
[0m[0m  [0m[0m
[0m[0m  [0m[0m  [0m[0m[1m 74[0m[0m [0m[0m[1m 74[0m[0m[1m │ [0m[0m [0m[0m [0m[0m [0m[0m [0m[0m [0m[0m [0m[0mc[0m[0mo[0m[0mn[0m[0ms[0m[0mt[0m[0m [0m[0mp[0m[0mr[0m[0me[0m[0mf[0m[0mi[0m[0mx[0m[0m [0m[0m=[0m[0m [0m[0mi[0m[0mn[0m[0md[0m[0me[0m[0mn[0m[0mt[0m[0m [0m[0m+[0m[0m [0m[0m([0m[0mi[0m[0ms[0m[0mL[0m[0ma[0m[0ms[0m[0mt[0m[0m [0m[0m?[0m[0m [0m[0m'[0m[0m└[0m[0m─[0m[0m─[0m[0m [0m[0m'[0m[0m [0m[0m:[0m[0m [0m[0m'[0m[0m├[0m[0m─[0m[0m─[0m[0m [0m[0m'[0m[0m)[0m[0m;[0m[0m
[0m[0m  [0m[0m  [0m[0m[1m 75[0m[0m [0m[0m[1m 75[0m[0m[1m │ [0m[0m [0m[0m [0m[0m
[0m[0m  [0m[0m  [0m[0m[1m 76[0m[0m [0m[0m [0m[0m [0m[0m [0m[0m[1m │ [0m[0m[31m-[0m[0m [0m[0m[2m[31m·[0m[0m[2m[31m·[0m[0m[2m[31m·[0m[0m[2m[31m·[0m[0m[31mm[0m[0m[31ma[0m[0m[31mp[0m[0m[2m[31m·[0m[0m[31m+[0m[0m[31m=[0m[0m[2m[31m·[0m[0m[31mp[0m[0m[31mr[0m[0m[31me[0m[0m[31mf[0m[0m[31mi[0m[0m[31mx[0m[0m[2m[31m·[0m[0m[31m+[0m[0m[2m[31m·[0m[0m[31mf[0m[0m[31mi[0m[0m[31ml[0m[0m[31me[0m[0m[1m[2m[31m·[0m[0m[1m[31m+[0m[0m[1m[2m[31m·[0m[0m[1m[31m'[0m[0m[31m\[0m[0m[31mn[0m[0m[1m[31m'[0m[0m[31m;[0m[0m
[0m[0m  [0m[0m  [0m[0m [0m[0m [0m[0m [0m[0m [0m[0m[1m 76[0m[0m[1m │ [0m[0m[32m+[0m[0m [0m[0m[2m[32m·[0m[0m[2m[32m·[0m[0m[2m[32m·[0m[0m[2m[32m·[0m[0m[32mm[0m[0m[32ma[0m[0m[32mp[0m[0m[2m[32m·[0m[0m[32m+[0m[0m[32m=[0m[0m[2m[32m·[0m[0m[1m[32m`[0m[0m[1m[32m$[0m[0m[1m[32m{[0m[0m[32mp[0m[0m[32mr[0m[0m[32me[0m[0m[32mf[0m[0m[32mi[0m[0m[32mx[0m[0m[2m[32m·[0m[0m[32m+[0m[0m[2m[32m·[0m[0m[32mf[0m[0m[32mi[0m[0m[32ml[0m[0m[32me[0m[0m[1m[32m}[0m[0m[32m\[0m[0m[32mn[0m[0m[1m[32m`[0m[0m[32m;[0m[0m
[0m[0m  [0m[0m  [0m[0m[1m 77[0m[0m [0m[0m[1m 77[0m[0m[1m │ [0m[0m [0m[0m [0m[0m
[0m[0m  [0m[0m  [0m[0m[1m 78[0m[0m [0m[0m[1m 78[0m[0m[1m │ [0m[0m [0m[0m [0m[0m [0m[0m [0m[0m [0m[0m [0m[0mc[0m[0mo[0m[0mn[0m[0ms[0m[0mt[0m[0m [0m[0ms[0m[0mt[0m[0ma[0m[0mt[0m[0m [0m[0m=[0m[0m [0m[0mf[0m[0ms[0m[0m.[0m[0ms[0m[0mt[0m[0ma[0m[0mt[0m[0mS[0m[0my[0m[0mn[0m[0mc[0m[0m([0m[0mf[0m[0mi[0m[0ml[0m[0me[0m[0mP[0m[0ma[0m[0mt[0m[0mh[0m[0m)[0m[0m [0m[0ma[0m[0ms[0m[0m [0m[0ma[0m[0mn[0m[0my[0m[0m;[0m[0m
[0m[0m  [0m[0m
[0m
[0msrc/index.test.ts[0m[0m:[0m[0m47[0m[0m:[0m[0m11[0m[0m [0m[0m]8;;https://biomejs.dev/linter/rules/no-explicit-any\lint/suspicious/noExplicitAny]8;;\[0m[0m [0m[0m━━━━━━━━━━━━━━━━━━━━━━━━━━━━━━━━━━━━━━━━━━━━━━━━━━━━━━[0m[0m

[0m[0m  [0m[0m[1m[33m⚠[0m[0m [0m[0m[33mUnexpected [0m[0m[1m[33many[0m[0m[33m. Specify a different type.[0m[0m
[0m[0m  [0m[0m
[0m[0m  [0m[0m  [0m[0m[1m45 │ [0m[0m [0m[0m [0m[0m [0m[0m [0m[0me[0m[0mx[0m[0mi[0m[0mt[0m[0mS[0m[0mp[0m[0my[0m[0m [0m[0m=[0m[0m [0m[0mv[0m[0mi[0m[0m.[0m[0ms[0m[0mp[0m[0my[0m[0mO[0m[0mn[0m[0m([0m[0mp[0m[0mr[0m[0mo[0m[0mc[0m[0me[0m[0ms[0m[0ms[0m[0m,[0m[0m [0m[0m'[0m[0me[0m[0mx[0m[0mi[0m[0mt[0m[0m'[0m[0m)[0m[0m.[0m[0mm[0m[0mo[0m[0mc[0m[0mk[0m[0mI[0m[0mm[0m[0mp[0m[0ml[0m[0me[0m[0mm[0m[0me[0m[0mn[0m[0mt[0m[0ma[0m[0mt[0m[0mi[0m[0mo[0m[0mn[0m[0m([0m[0m([0m[0m([0m[0mc[0m[0mo[0m[0md[0m[0me[0m[0m?[0m[0m:[0m[0m [0m[0mn[0m[0mu[0m[0mm[0m[0mb[0m[0me[0m[0mr[0m[0m)[0m[0m [0m[0m=[0m[0m>[0m[0m [0m[0m{[0m[0m
[0m[0m  [0m[0m  [0m[0m[1m46 │ [0m[0m [0m[0m [0m[0m [0m[0m [0m[0m [0m[0m [0m[0mt[0m[0mh[0m[0mr[0m[0mo[0m[0mw[0m[0m [0m[0mn[0m[0me[0m[0mw[0m[0m [0m[0mE[0m[0mr[0m[0mr[0m[0mo[0m[0mr[0m[0m([0m[0m`[0m[0mp[0m[0mr[0m[0mo[0m[0mc[0m[0me[0m[0ms[0m[0ms[0m[0m.[0m[0me[0m[0mx[0m[0mi[0m[0mt[0m[0m:[0m[0m [0m[0m$[0m[0m{[0m[0mc[0m[0mo[0m[0md[0m[0me[0m[0m}[0m[0m`[0m[0m)[0m[0m;[0m[0m
[0m[0m  [0m[0m[1m[31m>[0m[0m [0m[0m[1m47 │ [0m[0m [0m[0m [0m[0m [0m[0m [0m[0m}[0m[0m)[0m[0m [0m[0ma[0m[0ms[0m[0m [0m[0ma[0m[0mn[0m[0my[0m[0m)[0m[0m;[0m[0m
[0m[0m  [0m[0m [0m[0m [0m[0m[1m   │ [0m[0m [0m[0m [0m[0m [0m[0m [0m[0m [0m[0m [0m[0m [0m[0m [0m[0m [0m[0m [0m[0m[1m[31m^[0m[0m[1m[31m^[0m[0m[1m[31m^[0m[0m
[0m[0m  [0m[0m  [0m[0m[1m48 │ [0m[0m
[0m[0m  [0m[0m  [0m[0m[1m49 │ [0m[0m [0m[0m [0m[0m [0m[0m [0m[0m/[0m[0m/[0m[0m [0m[0mC[0m[0ml[0m[0me[0m[0ma[0m[0mr[0m[0m [0m[0ma[0m[0mn[0m[0md[0m[0m [0m[0mr[0m[0me[0m[0m-[0m[0mi[0m[0mm[0m[0mp[0m[0mo[0m[0mr[0m[0mt[0m[0m [0m[0mt[0m[0mh[0m[0me[0m[0m [0m[0mm[0m[0mo[0m[0md[0m[0mu[0m[0ml[0m[0me[0m[0m [0m[0mf[0m[0mo[0m[0mr[0m[0m [0m[0me[0m[0ma[0m[0mc[0m[0mh[0m[0m [0m[0mt[0m[0me[0m[0ms[0m[0mt[0m[0m [0m[0mt[0m[0mo[0m[0m [0m[0mr[0m[0me[0m[0ms[0m[0me[0m[0mt[0m[0m [0m[0mC[0m[0mo[0m[0mm[0m[0mm[0m[0ma[0m[0mn[0m[0md[0m[0me[0m[0mr[0m[0m'[0m[0ms[0m[0m [0m[0ms[0m[0mt[0m[0ma[0m[0mt[0m[0me[0m[0m
[0m[0m  [0m[0m
[0m[0m  [0m[0m[1m[34mℹ[0m[0m [0m[0m[1m[34many[0m[0m[34m disables many type checking rules. Its use should be avoided.[0m[0m
[0m[0m  [0m[0m
[0m
[0msrc/index.test.ts[0m[0m:[0m[0m16[0m[0m:[0m[0m7[0m[0m [0m[0m]8;;https://biomejs.dev/linter/rules/no-unused-variables\lint/correctness/noUnusedVariables]8;;\[0m[0m [0m[0m[30m[47m FIXABLE [0m[0m [0m[0m━━━━━━━━━━━━━━━━━━━━━━━━━━━━━━━━━━━━━━━━[0m[0m

[0m[0m  [0m[0m[1m[33m⚠[0m[0m [0m[0m[33mThis variable [0m[0m[1m[33mmockMkdirSync[0m[0m[33m is unused.[0m[0m
[0m[0m  [0m[0m
[0m[0m  [0m[0m  [0m[0m[1m14 │ [0m[0mc[0m[0mo[0m[0mn[0m[0ms[0m[0mt[0m[0m [0m[0mm[0m[0mo[0m[0mc[0m[0mk[0m[0mE[0m[0mx[0m[0me[0m[0mc[0m[0mS[0m[0my[0m[0mn[0m[0mc[0m[0m [0m[0m=[0m[0m [0m[0me[0m[0mx[0m[0me[0m[0mc[0m[0mS[0m[0my[0m[0mn[0m[0mc[0m[0m [0m[0ma[0m[0ms[0m[0m [0m[0mv[0m[0mi[0m[0m.[0m[0mM[0m[0mo[0m[0mc[0m[0mk[0m[0m;[0m[0m
[0m[0m  [0m[0m  [0m[0m[1m15 │ [0m[0mc[0m[0mo[0m[0mn[0m[0ms[0m[0mt[0m[0m [0m[0mm[0m[0mo[0m[0mc[0m[0mk[0m[0mE[0m[0mx[0m[0mi[0m[0ms[0m[0mt[0m[0ms[0m[0mS[0m[0my[0m[0mn[0m[0mc[0m[0m [0m[0m=[0m[0m [0m[0mf[0m[0ms[0m[0m.[0m[0me[0m[0mx[0m[0mi[0m[0ms[0m[0mt[0m[0ms[0m[0mS[0m[0my[0m[0mn[0m[0mc[0m[0m [0m[0ma[0m[0ms[0m[0m [0m[0mv[0m[0mi[0m[0m.[0m[0mM[0m[0mo[0m[0mc[0m[0mk[0m[0m;[0m[0m
[0m[0m  [0m[0m[1m[31m>[0m[0m [0m[0m[1m16 │ [0m[0mc[0m[0mo[0m[0mn[0m[0ms[0m[0mt[0m[0m [0m[0mm[0m[0mo[0m[0mc[0m[0mk[0m[0mM[0m[0mk[0m[0md[0m[0mi[0m[0mr[0m[0mS[0m[0my[0m[0mn[0m[0mc[0m[0m [0m[0m=[0m[0m [0m[0mf[0m[0ms[0m[0m.[0m[0mm[0m[0mk[0m[0md[0m[0mi[0m[0mr[0m[0mS[0m[0my[0m[0mn[0m[0mc[0m[0m [0m[0ma[0m[0ms[0m[0m [0m[0mv[0m[0mi[0m[0m.[0m[0mM[0m[0mo[0m[0mc[0m[0mk[0m[0m;[0m[0m
[0m[0m  [0m[0m [0m[0m [0m[0m[1m   │ [0m[0m [0m[0m [0m[0m [0m[0m [0m[0m [0m[0m [0m[0m[1m[31m^[0m[0m[1m[31m^[0m[0m[1m[31m^[0m[0m[1m[31m^[0m[0m[1m[31m^[0m[0m[1m[31m^[0m[0m[1m[31m^[0m[0m[1m[31m^[0m[0m[1m[31m^[0m[0m[1m[31m^[0m[0m[1m[31m^[0m[0m[1m[31m^[0m[0m[1m[31m^[0m[0m
[0m[0m  [0m[0m  [0m[0m[1m17 │ [0m[0mc[0m[0mo[0m[0mn[0m[0ms[0m[0mt[0m[0m [0m[0mm[0m[0mo[0m[0mc[0m[0mk[0m[0mC[0m[0mo[0m[0mp[0m[0my[0m[0mF[0m[0mi[0m[0ml[0m[0me[0m[0mS[0m[0my[0m[0mn[0m[0mc[0m[0m [0m[0m=[0m[0m [0m[0mf[0m[0ms[0m[0m.[0m[0mc[0m[0mo[0m[0mp[0m[0my[0m[0mF[0m[0mi[0m[0ml[0m[0me[0m[0mS[0m[0my[0m[0mn[0m[0mc[0m[0m [0m[0ma[0m[0ms[0m[0m [0m[0mv[0m[0mi[0m[0m.[0m[0mM[0m[0mo[0m[0mc[0m[0mk[0m[0m;[0m[0m
[0m[0m  [0m[0m  [0m[0m[1m18 │ [0m[0mc[0m[0mo[0m[0mn[0m[0ms[0m[0mt[0m[0m [0m[0mm[0m[0mo[0m[0mc[0m[0mk[0m[0mR[0m[0mm[0m[0mS[0m[0my[0m[0mn[0m[0mc[0m[0m [0m[0m=[0m[0m [0m[0mf[0m[0ms[0m[0m.[0m[0mr[0m[0mm[0m[0mS[0m[0my[0m[0mn[0m[0mc[0m[0m [0m[0ma[0m[0ms[0m[0m [0m[0mv[0m[0mi[0m[0m.[0m[0mM[0m[0mo[0m[0mc[0m[0mk[0m[0m;[0m[0m
[0m[0m  [0m[0m
[0m[0m  [0m[0m[1m[34mℹ[0m[0m [0m[0m[34mUnused variables are often the result of an incomplete refactoring, typos, or other sources of bugs.[0m[0m
[0m[0m  [0m[0m
[0m[0m  [0m[0m[1m[34mℹ[0m[0m [0m[0m[34mUnsafe fix: If this is intentional, prepend [0m[0m[1m[34mmockMkdirSync[0m[0m[34m with an underscore.[0m[0m
[0m[0m  [0m[0m
[0m[0m  [0m[0m  [0m[0m[1m 14[0m[0m [0m[0m[1m 14[0m[0m[1m │ [0m[0m [0m[0m [0m[0mc[0m[0mo[0m[0mn[0m[0ms[0m[0mt[0m[0m [0m[0mm[0m[0mo[0m[0mc[0m[0mk[0m[0mE[0m[0mx[0m[0me[0m[0mc[0m[0mS[0m[0my[0m[0mn[0m[0mc[0m[0m [0m[0m=[0m[0m [0m[0me[0m[0mx[0m[0me[0m[0mc[0m[0mS[0m[0my[0m[0mn[0m[0mc[0m[0m [0m[0ma[0m[0ms[0m[0m [0m[0mv[0m[0mi[0m[0m.[0m[0mM[0m[0mo[0m[0mc[0m[0mk[0m[0m;[0m[0m
[0m[0m  [0m[0m  [0m[0m[1m 15[0m[0m [0m[0m[1m 15[0m[0m[1m │ [0m[0m [0m[0m [0m[0mc[0m[0mo[0m[0mn[0m[0ms[0m[0mt[0m[0m [0m[0mm[0m[0mo[0m[0mc[0m[0mk[0m[0mE[0m[0mx[0m[0mi[0m[0ms[0m[0mt[0m[0ms[0m[0mS[0m[0my[0m[0mn[0m[0mc[0m[0m [0m[0m=[0m[0m [0m[0mf[0m[0ms[0m[0m.[0m[0me[0m[0mx[0m[0mi[0m[0ms[0m[0mt[0m[0ms[0m[0mS[0m[0my[0m[0mn[0m[0mc[0m[0m [0m[0ma[0m[0ms[0m[0m [0m[0mv[0m[0mi[0m[0m.[0m[0mM[0m[0mo[0m[0mc[0m[0mk[0m[0m;[0m[0m
[0m[0m  [0m[0m  [0m[0m[1m 16[0m[0m [0m[0m [0m[0m [0m[0m [0m[0m[1m │ [0m[0m[31m-[0m[0m [0m[0m[31mc[0m[0m[31mo[0m[0m[31mn[0m[0m[31ms[0m[0m[31mt[0m[0m[2m[31m·[0m[0m[1m[31mm[0m[0m[1m[31mo[0m[0m[1m[31mc[0m[0m[1m[31mk[0m[0m[1m[31mM[0m[0m[1m[31mk[0m[0m[1m[31md[0m[0m[1m[31mi[0m[0m[1m[31mr[0m[0m[1m[31mS[0m[0m[1m[31my[0m[0m[1m[31mn[0m[0m[1m[31mc[0m[0m[2m[31m·[0m[0m[31m=[0m[0m[2m[31m·[0m[0m[31mf[0m[0m[31ms[0m[0m[31m.[0m[0m[31mm[0m[0m[31mk[0m[0m[31md[0m[0m[31mi[0m[0m[31mr[0m[0m[31mS[0m[0m[31my[0m[0m[31mn[0m[0m[31mc[0m[0m[2m[31m·[0m[0m[31ma[0m[0m[31ms[0m[0m[2m[31m·[0m[0m[31mv[0m[0m[31mi[0m[0m[31m.[0m[0m[31mM[0m[0m[31mo[0m[0m[31mc[0m[0m[31mk[0m[0m[31m;[0m[0m
[0m[0m  [0m[0m  [0m[0m [0m[0m [0m[0m [0m[0m [0m[0m[1m 16[0m[0m[1m │ [0m[0m[32m+[0m[0m [0m[0m[32mc[0m[0m[32mo[0m[0m[32mn[0m[0m[32ms[0m[0m[32mt[0m[0m[2m[32m·[0m[0m[1m[32m_[0m[0m[1m[32mm[0m[0m[1m[32mo[0m[0m[1m[32mc[0m[0m[1m[32mk[0m[0m[1m[32mM[0m[0m[1m[32mk[0m[0m[1m[32md[0m[0m[1m[32mi[0m[0m[1m[32mr[0m[0m[1m[32mS[0m[0m[1m[32my[0m[0m[1m[32mn[0m[0m[1m[32mc[0m[0m[2m[32m·[0m[0m[32m=[0m[0m[2m[32m·[0m[0m[32mf[0m[0m[32ms[0m[0m[32m.[0m[0m[32mm[0m[0m[32mk[0m[0m[32md[0m[0m[32mi[0m[0m[32mr[0m[0m[32mS[0m[0m[32my[0m[0m[32mn[0m[0m[32mc[0m[0m[2m[32m·[0m[0m[32ma[0m[0m[32ms[0m[0m[2m[32m·[0m[0m[32mv[0m[0m[32mi[0m[0m[32m.[0m[0m[32mM[0m[0m[32mo[0m[0m[32mc[0m[0m[32mk[0m[0m[32m;[0m[0m
[0m[0m  [0m[0m  [0m[0m[1m 17[0m[0m [0m[0m[1m 17[0m[0m[1m │ [0m[0m [0m[0m [0m[0mc[0m[0mo[0m[0mn[0m[0ms[0m[0mt[0m[0m [0m[0mm[0m[0mo[0m[0mc[0m[0mk[0m[0mC[0m[0mo[0m[0mp[0m[0my[0m[0mF[0m[0mi[0m[0ml[0m[0me[0m[0mS[0m[0my[0m[0mn[0m[0mc[0m[0m [0m[0m=[0m[0m [0m[0mf[0m[0ms[0m[0m.[0m[0mc[0m[0mo[0m[0mp[0m[0my[0m[0mF[0m[0mi[0m[0ml[0m[0me[0m[0mS[0m[0my[0m[0mn[0m[0mc[0m[0m [0m[0ma[0m[0ms[0m[0m [0m[0mv[0m[0mi[0m[0m.[0m[0mM[0m[0mo[0m[0mc[0m[0mk[0m[0m;[0m[0m
[0m[0m  [0m[0m  [0m[0m[1m 18[0m[0m [0m[0m[1m 18[0m[0m[1m │ [0m[0m [0m[0m [0m[0mc[0m[0mo[0m[0mn[0m[0ms[0m[0mt[0m[0m [0m[0mm[0m[0mo[0m[0mc[0m[0mk[0m[0mR[0m[0mm[0m[0mS[0m[0my[0m[0mn[0m[0mc[0m[0m [0m[0m=[0m[0m [0m[0mf[0m[0ms[0m[0m.[0m[0mr[0m[0mm[0m[0mS[0m[0my[0m[0mn[0m[0mc[0m[0m [0m[0ma[0m[0ms[0m[0m [0m[0mv[0m[0mi[0m[0m.[0m[0mM[0m[0mo[0m[0mc[0m[0mk[0m[0m;[0m[0m
[0m[0m  [0m[0m
[0m
[0msrc/index.test.ts[0m[0m:[0m[0m17[0m[0m:[0m[0m7[0m[0m [0m[0m]8;;https://biomejs.dev/linter/rules/no-unused-variables\lint/correctness/noUnusedVariables]8;;\[0m[0m [0m[0m[30m[47m FIXABLE [0m[0m [0m[0m━━━━━━━━━━━━━━━━━━━━━━━━━━━━━━━━━━━━━━━━[0m[0m

[0m[0m  [0m[0m[1m[33m⚠[0m[0m [0m[0m[33mThis variable [0m[0m[1m[33mmockCopyFileSync[0m[0m[33m is unused.[0m[0m
[0m[0m  [0m[0m
[0m[0m  [0m[0m  [0m[0m[1m15 │ [0m[0mc[0m[0mo[0m[0mn[0m[0ms[0m[0mt[0m[0m [0m[0mm[0m[0mo[0m[0mc[0m[0mk[0m[0mE[0m[0mx[0m[0mi[0m[0ms[0m[0mt[0m[0ms[0m[0mS[0m[0my[0m[0mn[0m[0mc[0m[0m [0m[0m=[0m[0m [0m[0mf[0m[0ms[0m[0m.[0m[0me[0m[0mx[0m[0mi[0m[0ms[0m[0mt[0m[0ms[0m[0mS[0m[0my[0m[0mn[0m[0mc[0m[0m [0m[0ma[0m[0ms[0m[0m [0m[0mv[0m[0mi[0m[0m.[0m[0mM[0m[0mo[0m[0mc[0m[0mk[0m[0m;[0m[0m
[0m[0m  [0m[0m  [0m[0m[1m16 │ [0m[0mc[0m[0mo[0m[0mn[0m[0ms[0m[0mt[0m[0m [0m[0mm[0m[0mo[0m[0mc[0m[0mk[0m[0mM[0m[0mk[0m[0md[0m[0mi[0m[0mr[0m[0mS[0m[0my[0m[0mn[0m[0mc[0m[0m [0m[0m=[0m[0m [0m[0mf[0m[0ms[0m[0m.[0m[0mm[0m[0mk[0m[0md[0m[0mi[0m[0mr[0m[0mS[0m[0my[0m[0mn[0m[0mc[0m[0m [0m[0ma[0m[0ms[0m[0m [0m[0mv[0m[0mi[0m[0m.[0m[0mM[0m[0mo[0m[0mc[0m[0mk[0m[0m;[0m[0m
[0m[0m  [0m[0m[1m[31m>[0m[0m [0m[0m[1m17 │ [0m[0mc[0m[0mo[0m[0mn[0m[0ms[0m[0mt[0m[0m [0m[0mm[0m[0mo[0m[0mc[0m[0mk[0m[0mC[0m[0mo[0m[0mp[0m[0my[0m[0mF[0m[0mi[0m[0ml[0m[0me[0m[0mS[0m[0my[0m[0mn[0m[0mc[0m[0m [0m[0m=[0m[0m [0m[0mf[0m[0ms[0m[0m.[0m[0mc[0m[0mo[0m[0mp[0m[0my[0m[0mF[0m[0mi[0m[0ml[0m[0me[0m[0mS[0m[0my[0m[0mn[0m[0mc[0m[0m [0m[0ma[0m[0ms[0m[0m [0m[0mv[0m[0mi[0m[0m.[0m[0mM[0m[0mo[0m[0mc[0m[0mk[0m[0m;[0m[0m
[0m[0m  [0m[0m [0m[0m [0m[0m[1m   │ [0m[0m [0m[0m [0m[0m [0m[0m [0m[0m [0m[0m [0m[0m[1m[31m^[0m[0m[1m[31m^[0m[0m[1m[31m^[0m[0m[1m[31m^[0m[0m[1m[31m^[0m[0m[1m[31m^[0m[0m[1m[31m^[0m[0m[1m[31m^[0m[0m[1m[31m^[0m[0m[1m[31m^[0m[0m[1m[31m^[0m[0m[1m[31m^[0m[0m[1m[31m^[0m[0m[1m[31m^[0m[0m[1m[31m^[0m[0m[1m[31m^[0m[0m
[0m[0m  [0m[0m  [0m[0m[1m18 │ [0m[0mc[0m[0mo[0m[0mn[0m[0ms[0m[0mt[0m[0m [0m[0mm[0m[0mo[0m[0mc[0m[0mk[0m[0mR[0m[0mm[0m[0mS[0m[0my[0m[0mn[0m[0mc[0m[0m [0m[0m=[0m[0m [0m[0mf[0m[0ms[0m[0m.[0m[0mr[0m[0mm[0m[0mS[0m[0my[0m[0mn[0m[0mc[0m[0m [0m[0ma[0m[0ms[0m[0m [0m[0mv[0m[0mi[0m[0m.[0m[0mM[0m[0mo[0m[0mc[0m[0mk[0m[0m;[0m[0m
[0m[0m  [0m[0m  [0m[0m[1m19 │ [0m[0mc[0m[0mo[0m[0mn[0m[0ms[0m[0mt[0m[0m [0m[0mm[0m[0mo[0m[0mc[0m[0mk[0m[0mP[0m[0mr[0m[0mo[0m[0mm[0m[0mp[0m[0mt[0m[0ms[0m[0m [0m[0m=[0m[0m [0m[0mp[0m[0mr[0m[0mo[0m[0mm[0m[0mp[0m[0mt[0m[0ms[0m[0m [0m[0ma[0m[0ms[0m[0m [0m[0mv[0m[0mi[0m[0m.[0m[0mM[0m[0mo[0m[0mc[0m[0mk[0m[0me[0m[0md[0m[0mF[0m[0mu[0m[0mn[0m[0mc[0m[0mt[0m[0mi[0m[0mo[0m[0mn[0m[0m<[0m[0mt[0m[0my[0m[0mp[0m[0me[0m[0mo[0m[0mf[0m[0m [0m[0mp[0m[0mr[0m[0mo[0m[0mm[0m[0mp[0m[0mt[0m[0ms[0m[0m>[0m[0m;[0m[0m
[0m[0m  [0m[0m
[0m[0m  [0m[0m[1m[34mℹ[0m[0m [0m[0m[34mUnused variables are often the result of an incomplete refactoring, typos, or other sources of bugs.[0m[0m
[0m[0m  [0m[0m
[0m[0m  [0m[0m[1m[34mℹ[0m[0m [0m[0m[34mUnsafe fix: If this is intentional, prepend [0m[0m[1m[34mmockCopyFileSync[0m[0m[34m with an underscore.[0m[0m
[0m[0m  [0m[0m
[0m[0m  [0m[0m  [0m[0m[1m 15[0m[0m [0m[0m[1m 15[0m[0m[1m │ [0m[0m [0m[0m [0m[0mc[0m[0mo[0m[0mn[0m[0ms[0m[0mt[0m[0m [0m[0mm[0m[0mo[0m[0mc[0m[0mk[0m[0mE[0m[0mx[0m[0mi[0m[0ms[0m[0mt[0m[0ms[0m[0mS[0m[0my[0m[0mn[0m[0mc[0m[0m [0m[0m=[0m[0m [0m[0mf[0m[0ms[0m[0m.[0m[0me[0m[0mx[0m[0mi[0m[0ms[0m[0mt[0m[0ms[0m[0mS[0m[0my[0m[0mn[0m[0mc[0m[0m [0m[0ma[0m[0ms[0m[0m [0m[0mv[0m[0mi[0m[0m.[0m[0mM[0m[0mo[0m[0mc[0m[0mk[0m[0m;[0m[0m
[0m[0m  [0m[0m  [0m[0m[1m 16[0m[0m [0m[0m[1m 16[0m[0m[1m │ [0m[0m [0m[0m [0m[0mc[0m[0mo[0m[0mn[0m[0ms[0m[0mt[0m[0m [0m[0mm[0m[0mo[0m[0mc[0m[0mk[0m[0mM[0m[0mk[0m[0md[0m[0mi[0m[0mr[0m[0mS[0m[0my[0m[0mn[0m[0mc[0m[0m [0m[0m=[0m[0m [0m[0mf[0m[0ms[0m[0m.[0m[0mm[0m[0mk[0m[0md[0m[0mi[0m[0mr[0m[0mS[0m[0my[0m[0mn[0m[0mc[0m[0m [0m[0ma[0m[0ms[0m[0m [0m[0mv[0m[0mi[0m[0m.[0m[0mM[0m[0mo[0m[0mc[0m[0mk[0m[0m;[0m[0m
[0m[0m  [0m[0m  [0m[0m[1m 17[0m[0m [0m[0m [0m[0m [0m[0m [0m[0m[1m │ [0m[0m[31m-[0m[0m [0m[0m[31mc[0m[0m[31mo[0m[0m[31mn[0m[0m[31ms[0m[0m[31mt[0m[0m[2m[31m·[0m[0m[1m[31mm[0m[0m[1m[31mo[0m[0m[1m[31mc[0m[0m[1m[31mk[0m[0m[1m[31mC[0m[0m[1m[31mo[0m[0m[1m[31mp[0m[0m[1m[31my[0m[0m[1m[31mF[0m[0m[1m[31mi[0m[0m[1m[31ml[0m[0m[1m[31me[0m[0m[1m[31mS[0m[0m[1m[31my[0m[0m[1m[31mn[0m[0m[1m[31mc[0m[0m[2m[31m·[0m[0m[31m=[0m[0m[2m[31m·[0m[0m[31mf[0m[0m[31ms[0m[0m[31m.[0m[0m[31mc[0m[0m[31mo[0m[0m[31mp[0m[0m[31my[0m[0m[31mF[0m[0m[31mi[0m[0m[31ml[0m[0m[31me[0m[0m[31mS[0m[0m[31my[0m[0m[31mn[0m[0m[31mc[0m[0m[2m[31m·[0m[0m[31ma[0m[0m[31ms[0m[0m[2m[31m·[0m[0m[31mv[0m[0m[31mi[0m[0m[31m.[0m[0m[31mM[0m[0m[31mo[0m[0m[31mc[0m[0m[31mk[0m[0m[31m;[0m[0m
[0m[0m  [0m[0m  [0m[0m [0m[0m [0m[0m [0m[0m [0m[0m[1m 17[0m[0m[1m │ [0m[0m[32m+[0m[0m [0m[0m[32mc[0m[0m[32mo[0m[0m[32mn[0m[0m[32ms[0m[0m[32mt[0m[0m[2m[32m·[0m[0m[1m[32m_[0m[0m[1m[32mm[0m[0m[1m[32mo[0m[0m[1m[32mc[0m[0m[1m[32mk[0m[0m[1m[32mC[0m[0m[1m[32mo[0m[0m[1m[32mp[0m[0m[1m[32my[0m[0m[1m[32mF[0m[0m[1m[32mi[0m[0m[1m[32ml[0m[0m[1m[32me[0m[0m[1m[32mS[0m[0m[1m[32my[0m[0m[1m[32mn[0m[0m[1m[32mc[0m[0m[2m[32m·[0m[0m[32m=[0m[0m[2m[32m·[0m[0m[32mf[0m[0m[32ms[0m[0m[32m.[0m[0m[32mc[0m[0m[32mo[0m[0m[32mp[0m[0m[32my[0m[0m[32mF[0m[0m[32mi[0m[0m[32ml[0m[0m[32me[0m[0m[32mS[0m[0m[32my[0m[0m[32mn[0m[0m[32mc[0m[0m[2m[32m·[0m[0m[32ma[0m[0m[32ms[0m[0m[2m[32m·[0m[0m[32mv[0m[0m[32mi[0m[0m[32m.[0m[0m[32mM[0m[0m[32mo[0m[0m[32mc[0m[0m[32mk[0m[0m[32m;[0m[0m
[0m[0m  [0m[0m  [0m[0m[1m 18[0m[0m [0m[0m[1m 18[0m[0m[1m │ [0m[0m [0m[0m [0m[0mc[0m[0mo[0m[0mn[0m[0ms[0m[0mt[0m[0m [0m[0mm[0m[0mo[0m[0mc[0m[0mk[0m[0mR[0m[0mm[0m[0mS[0m[0my[0m[0mn[0m[0mc[0m[0m [0m[0m=[0m[0m [0m[0mf[0m[0ms[0m[0m.[0m[0mr[0m[0mm[0m[0mS[0m[0my[0m[0mn[0m[0mc[0m[0m [0m[0ma[0m[0ms[0m[0m [0m[0mv[0m[0mi[0m[0m.[0m[0mM[0m[0mo[0m[0mc[0m[0mk[0m[0m;[0m[0m
[0m[0m  [0m[0m  [0m[0m[1m 19[0m[0m [0m[0m[1m 19[0m[0m[1m │ [0m[0m [0m[0m [0m[0mc[0m[0mo[0m[0mn[0m[0ms[0m[0mt[0m[0m [0m[0mm[0m[0mo[0m[0mc[0m[0mk[0m[0mP[0m[0mr[0m[0mo[0m[0mm[0m[0mp[0m[0mt[0m[0ms[0m[0m [0m[0m=[0m[0m [0m[0mp[0m[0mr[0m[0mo[0m[0mm[0m[0mp[0m[0mt[0m[0ms[0m[0m [0m[0ma[0m[0ms[0m[0m [0m[0mv[0m[0mi[0m[0m.[0m[0mM[0m[0mo[0m[0mc[0m[0mk[0m[0me[0m[0md[0m[0mF[0m[0mu[0m[0mn[0m[0mc[0m[0mt[0m[0mi[0m[0mo[0m[0mn[0m[0m<[0m[0mt[0m[0my[0m[0mp[0m[0me[0m[0mo[0m[0mf[0m[0m [0m[0mp[0m[0mr[0m[0mo[0m[0mm[0m[0mp[0m[0mt[0m[0ms[0m[0m>[0m[0m;[0m[0m
[0m[0m  [0m[0m
[0m
[0msrc/index.test.ts[0m[0m:[0m[0m18[0m[0m:[0m[0m7[0m[0m [0m[0m]8;;https://biomejs.dev/linter/rules/no-unused-variables\lint/correctness/noUnusedVariables]8;;\[0m[0m [0m[0m[30m[47m FIXABLE [0m[0m [0m[0m━━━━━━━━━━━━━━━━━━━━━━━━━━━━━━━━━━━━━━━━[0m[0m

[0m[0m  [0m[0m[1m[33m⚠[0m[0m [0m[0m[33mThis variable [0m[0m[1m[33mmockRmSync[0m[0m[33m is unused.[0m[0m
[0m[0m  [0m[0m
[0m[0m  [0m[0m  [0m[0m[1m16 │ [0m[0mc[0m[0mo[0m[0mn[0m[0ms[0m[0mt[0m[0m [0m[0mm[0m[0mo[0m[0mc[0m[0mk[0m[0mM[0m[0mk[0m[0md[0m[0mi[0m[0mr[0m[0mS[0m[0my[0m[0mn[0m[0mc[0m[0m [0m[0m=[0m[0m [0m[0mf[0m[0ms[0m[0m.[0m[0mm[0m[0mk[0m[0md[0m[0mi[0m[0mr[0m[0mS[0m[0my[0m[0mn[0m[0mc[0m[0m [0m[0ma[0m[0ms[0m[0m [0m[0mv[0m[0mi[0m[0m.[0m[0mM[0m[0mo[0m[0mc[0m[0mk[0m[0m;[0m[0m
[0m[0m  [0m[0m  [0m[0m[1m17 │ [0m[0mc[0m[0mo[0m[0mn[0m[0ms[0m[0mt[0m[0m [0m[0mm[0m[0mo[0m[0mc[0m[0mk[0m[0mC[0m[0mo[0m[0mp[0m[0my[0m[0mF[0m[0mi[0m[0ml[0m[0me[0m[0mS[0m[0my[0m[0mn[0m[0mc[0m[0m [0m[0m=[0m[0m [0m[0mf[0m[0ms[0m[0m.[0m[0mc[0m[0mo[0m[0mp[0m[0my[0m[0mF[0m[0mi[0m[0ml[0m[0me[0m[0mS[0m[0my[0m[0mn[0m[0mc[0m[0m [0m[0ma[0m[0ms[0m[0m [0m[0mv[0m[0mi[0m[0m.[0m[0mM[0m[0mo[0m[0mc[0m[0mk[0m[0m;[0m[0m
[0m[0m  [0m[0m[1m[31m>[0m[0m [0m[0m[1m18 │ [0m[0mc[0m[0mo[0m[0mn[0m[0ms[0m[0mt[0m[0m [0m[0mm[0m[0mo[0m[0mc[0m[0mk[0m[0mR[0m[0mm[0m[0mS[0m[0my[0m[0mn[0m[0mc[0m[0m [0m[0m=[0m[0m [0m[0mf[0m[0ms[0m[0m.[0m[0mr[0m[0mm[0m[0mS[0m[0my[0m[0mn[0m[0mc[0m[0m [0m[0ma[0m[0ms[0m[0m [0m[0mv[0m[0mi[0m[0m.[0m[0mM[0m[0mo[0m[0mc[0m[0mk[0m[0m;[0m[0m
[0m[0m  [0m[0m [0m[0m [0m[0m[1m   │ [0m[0m [0m[0m [0m[0m [0m[0m [0m[0m [0m[0m [0m[0m[1m[31m^[0m[0m[1m[31m^[0m[0m[1m[31m^[0m[0m[1m[31m^[0m[0m[1m[31m^[0m[0m[1m[31m^[0m[0m[1m[31m^[0m[0m[1m[31m^[0m[0m[1m[31m^[0m[0m[1m[31m^[0m[0m
[0m[0m  [0m[0m  [0m[0m[1m19 │ [0m[0mc[0m[0mo[0m[0mn[0m[0ms[0m[0mt[0m[0m [0m[0mm[0m[0mo[0m[0mc[0m[0mk[0m[0mP[0m[0mr[0m[0mo[0m[0mm[0m[0mp[0m[0mt[0m[0ms[0m[0m [0m[0m=[0m[0m [0m[0mp[0m[0mr[0m[0mo[0m[0mm[0m[0mp[0m[0mt[0m[0ms[0m[0m [0m[0ma[0m[0ms[0m[0m [0m[0mv[0m[0mi[0m[0m.[0m[0mM[0m[0mo[0m[0mc[0m[0mk[0m[0me[0m[0md[0m[0mF[0m[0mu[0m[0mn[0m[0mc[0m[0mt[0m[0mi[0m[0mo[0m[0mn[0m[0m<[0m[0mt[0m[0my[0m[0mp[0m[0me[0m[0mo[0m[0mf[0m[0m [0m[0mp[0m[0mr[0m[0mo[0m[0mm[0m[0mp[0m[0mt[0m[0ms[0m[0m>[0m[0m;[0m[0m
[0m[0m  [0m[0m  [0m[0m[1m20 │ [0m[0mc[0m[0mo[0m[0mn[0m[0ms[0m[0mt[0m[0m [0m[0mm[0m[0mo[0m[0mc[0m[0mk[0m[0mO[0m[0mr[0m[0ma[0m[0m [0m[0m=[0m[0m [0m[0mo[0m[0mr[0m[0ma[0m[0m [0m[0ma[0m[0ms[0m[0m [0m[0mv[0m[0mi[0m[0m.[0m[0mM[0m[0mo[0m[0mc[0m[0mk[0m[0m;[0m[0m
[0m[0m  [0m[0m
[0m[0m  [0m[0m[1m[34mℹ[0m[0m [0m[0m[34mUnused variables are often the result of an incomplete refactoring, typos, or other sources of bugs.[0m[0m
[0m[0m  [0m[0m
[0m[0m  [0m[0m[1m[34mℹ[0m[0m [0m[0m[34mUnsafe fix: If this is intentional, prepend [0m[0m[1m[34mmockRmSync[0m[0m[34m with an underscore.[0m[0m
[0m[0m  [0m[0m
[0m[0m  [0m[0m  [0m[0m[1m 16[0m[0m [0m[0m[1m 16[0m[0m[1m │ [0m[0m [0m[0m [0m[0mc[0m[0mo[0m[0mn[0m[0ms[0m[0mt[0m[0m [0m[0mm[0m[0mo[0m[0mc[0m[0mk[0m[0mM[0m[0mk[0m[0md[0m[0mi[0m[0mr[0m[0mS[0m[0my[0m[0mn[0m[0mc[0m[0m [0m[0m=[0m[0m [0m[0mf[0m[0ms[0m[0m.[0m[0mm[0m[0mk[0m[0md[0m[0mi[0m[0mr[0m[0mS[0m[0my[0m[0mn[0m[0mc[0m[0m [0m[0ma[0m[0ms[0m[0m [0m[0mv[0m[0mi[0m[0m.[0m[0mM[0m[0mo[0m[0mc[0m[0mk[0m[0m;[0m[0m
[0m[0m  [0m[0m  [0m[0m[1m 17[0m[0m [0m[0m[1m 17[0m[0m[1m │ [0m[0m [0m[0m [0m[0mc[0m[0mo[0m[0mn[0m[0ms[0m[0mt[0m[0m [0m[0mm[0m[0mo[0m[0mc[0m[0mk[0m[0mC[0m[0mo[0m[0mp[0m[0my[0m[0mF[0m[0mi[0m[0ml[0m[0me[0m[0mS[0m[0my[0m[0mn[0m[0mc[0m[0m [0m[0m=[0m[0m [0m[0mf[0m[0ms[0m[0m.[0m[0mc[0m[0mo[0m[0mp[0m[0my[0m[0mF[0m[0mi[0m[0ml[0m[0me[0m[0mS[0m[0my[0m[0mn[0m[0mc[0m[0m [0m[0ma[0m[0ms[0m[0m [0m[0mv[0m[0mi[0m[0m.[0m[0mM[0m[0mo[0m[0mc[0m[0mk[0m[0m;[0m[0m
[0m[0m  [0m[0m  [0m[0m[1m 18[0m[0m [0m[0m [0m[0m [0m[0m [0m[0m[1m │ [0m[0m[31m-[0m[0m [0m[0m[31mc[0m[0m[31mo[0m[0m[31mn[0m[0m[31ms[0m[0m[31mt[0m[0m[2m[31m·[0m[0m[1m[31mm[0m[0m[1m[31mo[0m[0m[1m[31mc[0m[0m[1m[31mk[0m[0m[1m[31mR[0m[0m[1m[31mm[0m[0m[1m[31mS[0m[0m[1m[31my[0m[0m[1m[31mn[0m[0m[1m[31mc[0m[0m[2m[31m·[0m[0m[31m=[0m[0m[2m[31m·[0m[0m[31mf[0m[0m[31ms[0m[0m[31m.[0m[0m[31mr[0m[0m[31mm[0m[0m[31mS[0m[0m[31my[0m[0m[31mn[0m[0m[31mc[0m[0m[2m[31m·[0m[0m[31ma[0m[0m[31ms[0m[0m[2m[31m·[0m[0m[31mv[0m[0m[31mi[0m[0m[31m.[0m[0m[31mM[0m[0m[31mo[0m[0m[31mc[0m[0m[31mk[0m[0m[31m;[0m[0m
[0m[0m  [0m[0m  [0m[0m [0m[0m [0m[0m [0m[0m [0m[0m[1m 18[0m[0m[1m │ [0m[0m[32m+[0m[0m [0m[0m[32mc[0m[0m[32mo[0m[0m[32mn[0m[0m[32ms[0m[0m[32mt[0m[0m[2m[32m·[0m[0m[1m[32m_[0m[0m[1m[32mm[0m[0m[1m[32mo[0m[0m[1m[32mc[0m[0m[1m[32mk[0m[0m[1m[32mR[0m[0m[1m[32mm[0m[0m[1m[32mS[0m[0m[1m[32my[0m[0m[1m[32mn[0m[0m[1m[32mc[0m[0m[2m[32m·[0m[0m[32m=[0m[0m[2m[32m·[0m[0m[32mf[0m[0m[32ms[0m[0m[32m.[0m[0m[32mr[0m[0m[32mm[0m[0m[32mS[0m[0m[32my[0m[0m[32mn[0m[0m[32mc[0m[0m[2m[32m·[0m[0m[32ma[0m[0m[32ms[0m[0m[2m[32m·[0m[0m[32mv[0m[0m[32mi[0m[0m[32m.[0m[0m[32mM[0m[0m[32mo[0m[0m[32mc[0m[0m[32mk[0m[0m[32m;[0m[0m
[0m[0m  [0m[0m  [0m[0m[1m 19[0m[0m [0m[0m[1m 19[0m[0m[1m │ [0m[0m [0m[0m [0m[0mc[0m[0mo[0m[0mn[0m[0ms[0m[0mt[0m[0m [0m[0mm[0m[0mo[0m[0mc[0m[0mk[0m[0mP[0m[0mr[0m[0mo[0m[0mm[0m[0mp[0m[0mt[0m[0ms[0m[0m [0m[0m=[0m[0m [0m[0mp[0m[0mr[0m[0mo[0m[0mm[0m[0mp[0m[0mt[0m[0ms[0m[0m [0m[0ma[0m[0ms[0m[0m [0m[0mv[0m[0mi[0m[0m.[0m[0mM[0m[0mo[0m[0mc[0m[0mk[0m[0me[0m[0md[0m[0mF[0m[0mu[0m[0mn[0m[0mc[0m[0mt[0m[0mi[0m[0mo[0m[0mn[0m[0m<[0m[0mt[0m[0my[0m[0mp[0m[0me[0m[0mo[0m[0mf[0m[0m [0m[0mp[0m[0mr[0m[0mo[0m[0mm[0m[0mp[0m[0mt[0m[0ms[0m[0m>[0m[0m;[0m[0m
[0m[0m  [0m[0m  [0m[0m[1m 20[0m[0m [0m[0m[1m 20[0m[0m[1m │ [0m[0m [0m[0m [0m[0mc[0m[0mo[0m[0mn[0m[0ms[0m[0mt[0m[0m [0m[0mm[0m[0mo[0m[0mc[0m[0mk[0m[0mO[0m[0mr[0m[0ma[0m[0m [0m[0m=[0m[0m [0m[0mo[0m[0mr[0m[0ma[0m[0m [0m[0ma[0m[0ms[0m[0m [0m[0mv[0m[0mi[0m[0m.[0m[0mM[0m[0mo[0m[0mc[0m[0mk[0m[0m;[0m[0m
[0m[0m  [0m[0m
[0m
[0msrc/index.ts[0m[0m:[0m[0m34[0m[0m:[0m[0m36[0m[0m [0m[0m]8;;https://biomejs.dev/linter/rules/no-explicit-any\lint/suspicious/noExplicitAny]8;;\[0m[0m [0m[0m━━━━━━━━━━━━━━━━━━━━━━━━━━━━━━━━━━━━━━━━━━━━━━━━━━━━━━━━━━━[0m[0m

[0m[0m  [0m[0m[1m[33m⚠[0m[0m [0m[0m[33mUnexpected [0m[0m[1m[33many[0m[0m[33m. Specify a different type.[0m[0m
[0m[0m  [0m[0m
[0m[0m  [0m[0m  [0m[0m[1m32 │ [0m[0m [0m[0m [0m[0m [0m[0m [0m[0m [0m[0m [0m[0m [0m[0m [0m[0mi[0m[0mn[0m[0mi[0m[0mt[0m[0mi[0m[0ma[0m[0ml[0m[0m:[0m[0m [0m[0mf[0m[0ma[0m[0ml[0m[0ms[0m[0me[0m[0m,[0m[0m
[0m[0m  [0m[0m  [0m[0m[1m33 │ [0m[0m [0m[0m [0m[0m [0m[0m [0m[0m [0m[0m [0m[0m}[0m[0m)[0m[0m;[0m[0m
[0m[0m  [0m[0m[1m[31m>[0m[0m [0m[0m[1m34 │ [0m[0m [0m[0m [0m[0m [0m[0m [0m[0m [0m[0m [0m[0mi[0m[0mf[0m[0m [0m[0m([0m[0mr[0m[0me[0m[0ms[0m[0mp[0m[0mo[0m[0mn[0m[0ms[0m[0me[0m[0m [0m[0m&[0m[0m&[0m[0m [0m[0m([0m[0mr[0m[0me[0m[0ms[0m[0mp[0m[0mo[0m[0mn[0m[0ms[0m[0me[0m[0m [0m[0ma[0m[0ms[0m[0m [0m[0ma[0m[0mn[0m[0my[0m[0m)[0m[0m.[0m[0mo[0m[0mv[0m[0me[0m[0mr[0m[0mw[0m[0mr[0m[0mi[0m[0mt[0m[0me[0m[0m)[0m[0m [0m[0m{[0m[0m
[0m[0m  [0m[0m [0m[0m [0m[0m[1m   │ [0m[0m [0m[0m [0m[0m [0m[0m [0m[0m [0m[0m [0m[0m [0m[0m [0m[0m [0m[0m [0m[0m [0m[0m [0m[0m [0m[0m [0m[0m [0m[0m [0m[0m [0m[0m [0m[0m [0m[0m [0m[0m [0m[0m [0m[0m [0m[0m [0m[0m [0m[0m [0m[0m [0m[0m [0m[0m [0m[0m [0m[0m [0m[0m [0m[0m [0m[0m [0m[0m [0m[0m[1m[31m^[0m[0m[1m[31m^[0m[0m[1m[31m^[0m[0m
[0m[0m  [0m[0m  [0m[0m[1m35 │ [0m[0m [0m[0m [0m[0m [0m[0m [0m[0m [0m[0m [0m[0m [0m[0m [0m[0mf[0m[0ms[0m[0m.[0m[0mc[0m[0mo[0m[0mp[0m[0my[0m[0mF[0m[0mi[0m[0ml[0m[0me[0m[0mS[0m[0my[0m[0mn[0m[0mc[0m[0m([0m[0ms[0m[0mr[0m[0mc[0m[0m,[0m[0m [0m[0md[0m[0me[0m[0ms[0m[0mt[0m[0m)[0m[0m;[0m[0m
[0m[0m  [0m[0m  [0m[0m[1m36 │ [0m[0m [0m[0m [0m[0m [0m[0m [0m[0m [0m[0m [0m[0m [0m[0m [0m[0mc[0m[0mo[0m[0mn[0m[0ms[0m[0mo[0m[0ml[0m[0me[0m[0m.[0m[0ml[0m[0mo[0m[0mg[0m[0m([0m[0m`[0m[0m [0m[0m [0m[0mO[0m[0mv[0m[0me[0m[0mr[0m[0mw[0m[0mr[0m[0mi[0m[0mt[0m[0mt[0m[0me[0m[0mn[0m[0m:[0m[0m [0m[0m$[0m[0m{[0m[0md[0m[0me[0m[0ms[0m[0mt[0m[0m}[0m[0m`[0m[0m)[0m[0m;[0m[0m
[0m[0m  [0m[0m
[0m[0m  [0m[0m[1m[34mℹ[0m[0m [0m[0m[1m[34many[0m[0m[34m disables many type checking rules. Its use should be avoided.[0m[0m
[0m[0m  [0m[0m
[0m
[0msrc/index.ts[0m[0m:[0m[0m78[0m[0m:[0m[0m43[0m[0m [0m[0m]8;;https://biomejs.dev/linter/rules/no-explicit-any\lint/suspicious/noExplicitAny]8;;\[0m[0m [0m[0m━━━━━━━━━━━━━━━━━━━━━━━━━━━━━━━━━━━━━━━━━━━━━━━━━━━━━━━━━━━[0m[0m

[0m[0m  [0m[0m[1m[33m⚠[0m[0m [0m[0m[33mUnexpected [0m[0m[1m[33many[0m[0m[33m. Specify a different type.[0m[0m
[0m[0m  [0m[0m
[0m[0m  [0m[0m  [0m[0m[1m76 │ [0m[0m [0m[0m [0m[0m [0m[0m [0m[0mm[0m[0ma[0m[0mp[0m[0m [0m[0m+[0m[0m=[0m[0m [0m[0mp[0m[0mr[0m[0me[0m[0mf[0m[0mi[0m[0mx[0m[0m [0m[0m+[0m[0m [0m[0mf[0m[0mi[0m[0ml[0m[0me[0m[0m [0m[0m+[0m[0m [0m[0m'[0m[0m\[0m[0mn[0m[0m'[0m[0m;[0m[0m
[0m[0m  [0m[0m  [0m[0m[1m77 │ [0m[0m
[0m[0m  [0m[0m[1m[31m>[0m[0m [0m[0m[1m78 │ [0m[0m [0m[0m [0m[0m [0m[0m [0m[0mc[0m[0mo[0m[0mn[0m[0ms[0m[0mt[0m[0m [0m[0ms[0m[0mt[0m[0ma[0m[0mt[0m[0m [0m[0m=[0m[0m [0m[0mf[0m[0ms[0m[0m.[0m[0ms[0m[0mt[0m[0ma[0m[0mt[0m[0mS[0m[0my[0m[0mn[0m[0mc[0m[0m([0m[0mf[0m[0mi[0m[0ml[0m[0me[0m[0mP[0m[0ma[0m[0mt[0m[0mh[0m[0m)[0m[0m [0m[0ma[0m[0ms[0m[0m [0m[0ma[0m[0mn[0m[0my[0m[0m;[0m[0m
[0m[0m  [0m[0m [0m[0m [0m[0m[1m   │ [0m[0m [0m[0m [0m[0m [0m[0m [0m[0m [0m[0m [0m[0m [0m[0m [0m[0m [0m[0m [0m[0m [0m[0m [0m[0m [0m[0m [0m[0m [0m[0m [0m[0m [0m[0m [0m[0m [0m[0m [0m[0m [0m[0m [0m[0m [0m[0m [0m[0m [0m[0m [0m[0m [0m[0m [0m[0m [0m[0m [0m[0m [0m[0m [0m[0m [0m[0m [0m[0m [0m[0m [0m[0m [0m[0m [0m[0m [0m[0m [0m[0m [0m[0m [0m[0m[1m[31m^[0m[0m[1m[31m^[0m[0m[1m[31m^[0m[0m
[0m[0m  [0m[0m  [0m[0m[1m79 │ [0m[0m [0m[0m [0m[0m [0m[0m [0m[0mi[0m[0mf[0m[0m [0m[0m([0m[0ms[0m[0mt[0m[0ma[0m[0mt[0m[0m [0m[0m&[0m[0m&[0m[0m [0m[0mt[0m[0my[0m[0mp[0m[0me[0m[0mo[0m[0mf[0m[0m [0m[0ms[0m[0mt[0m[0ma[0m[0mt[0m[0m.[0m[0mi[0m[0ms[0m[0mD[0m[0mi[0m[0mr[0m[0me[0m[0mc[0m[0mt[0m[0mo[0m[0mr[0m[0my[0m[0m [0m[0m=[0m[0m=[0m[0m=[0m[0m [0m[0m'[0m[0mf[0m[0mu[0m[0mn[0m[0mc[0m[0mt[0m[0mi[0m[0mo[0m[0mn[0m[0m'[0m[0m [0m[0m&[0m[0m&[0m[0m [0m[0ms[0m[0mt[0m[0ma[0m[0mt[0m[0m.[0m[0mi[0m[0ms[0m[0mD[0m[0mi[0m[0mr[0m[0me[0m[0mc[0m[0mt[0m[0mo[0m[0mr[0m[0my[0m[0m([0m[0m)[0m[0m)[0m[0m [0m[0m{[0m[0m
[0m[0m  [0m[0m  [0m[0m[1m80 │ [0m[0m [0m[0m [0m[0m [0m[0m [0m[0m [0m[0m [0m[0mm[0m[0ma[0m[0mp[0m[0m [0m[0m+[0m[0m=[0m[0m [0m[0mg[0m[0me[0m[0mn[0m[0me[0m[0mr[0m[0ma[0m[0mt[0m[0me[0m[0mD[0m[0mi[0m[0mr[0m[0me[0m[0mc[0m[0mt[0m[0mo[0m[0mr[0m[0my[0m[0mM[0m[0ma[0m[0mp[0m[0m([0m[0mf[0m[0mi[0m[0ml[0m[0me[0m[0mP[0m[0ma[0m[0mt[0m[0mh[0m[0m,[0m[0m [0m[0mi[0m[0mn[0m[0md[0m[0me[0m[0mn[0m[0mt[0m[0m [0m[0m+[0m[0m [0m[0m([0m[0mi[0m[0ms[0m[0mL[0m[0ma[0m[0ms[0m[0mt[0m[0m [0m[0m?[0m[0m [0m[0m'[0m[0m [0m[0m [0m[0m [0m[0m [0m[0m'[0m[0m [0m[0m:[0m[0m [0m[0m'[0m[0m│[0m[0m [0m[0m [0m[0m [0m[0m'[0m[0m)[0m[0m)[0m[0m;[0m[0m
[0m[0m  [0m[0m
[0m[0m  [0m[0m[1m[34mℹ[0m[0m [0m[0m[1m[34many[0m[0m[34m disables many type checking rules. Its use should be avoided.[0m[0m
[0m[0m  [0m[0m
[0m
[0msrc/index.ts[0m[0m:[0m[0m51[0m[0m:[0m[0m12[0m[0m [0m[0m]8;;https://biomejs.dev/linter/rules/no-unused-variables\lint/correctness/noUnusedVariables]8;;\[0m[0m [0m[0m[30m[47m FIXABLE [0m[0m [0m[0m━━━━━━━━━━━━━━━━━━━━━━━━━━━━━━━━━━━━━━━━━━━━[0m[0m

[0m[0m  [0m[0m[1m[33m⚠[0m[0m [0m[0m[33mThis variable [0m[0m[1m[33me[0m[0m[33m is unused.[0m[0m
[0m[0m  [0m[0m
[0m[0m  [0m[0m  [0m[0m[1m49 │ [0m[0m [0m[0m [0m[0m [0m[0m [0m[0me[0m[0mx[0m[0me[0m[0mc[0m[0mS[0m[0my[0m[0mn[0m[0mc[0m[0m([0m[0m'[0m[0mg[0m[0mi[0m[0mt[0m[0m [0m[0mr[0m[0me[0m[0mv[0m[0m-[0m[0mp[0m[0ma[0m[0mr[0m[0ms[0m[0me[0m[0m [0m[0m-[0m[0m-[0m[0mi[0m[0ms[0m[0m-[0m[0mi[0m[0mn[0m[0ms[0m[0mi[0m[0md[0m[0me[0m[0m-[0m[0mw[0m[0mo[0m[0mr[0m[0mk[0m[0m-[0m[0mt[0m[0mr[0m[0me[0m[0me[0m[0m'[0m[0m,[0m[0m [0m[0m{[0m[0m [0m[0ms[0m[0mt[0m[0md[0m[0mi[0m[0mo[0m[0m:[0m[0m [0m[0m'[0m[0mi[0m[0mg[0m[0mn[0m[0mo[0m[0mr[0m[0me[0m[0m'[0m[0m [0m[0m}[0m[0m)[0m[0m;[0m[0m
[0m[0m  [0m[0m  [0m[0m[1m50 │ [0m[0m [0m[0m [0m[0m [0m[0m [0m[0mr[0m[0me[0m[0mt[0m[0mu[0m[0mr[0m[0mn[0m[0m [0m[0mt[0m[0mr[0m[0mu[0m[0me[0m[0m;[0m[0m
[0m[0m  [0m[0m[1m[31m>[0m[0m [0m[0m[1m51 │ [0m[0m [0m[0m [0m[0m}[0m[0m [0m[0mc[0m[0ma[0m[0mt[0m[0mc[0m[0mh[0m[0m [0m[0m([0m[0me[0m[0m)[0m[0m [0m[0m{[0m[0m
[0m[0m  [0m[0m [0m[0m [0m[0m[1m   │ [0m[0m [0m[0m [0m[0m [0m[0m [0m[0m [0m[0m [0m[0m [0m[0m [0m[0m [0m[0m [0m[0m [0m[0m[1m[31m^[0m[0m
[0m[0m  [0m[0m  [0m[0m[1m52 │ [0m[0m [0m[0m [0m[0m [0m[0m [0m[0mr[0m[0me[0m[0mt[0m[0mu[0m[0mr[0m[0mn[0m[0m [0m[0mf[0m[0ma[0m[0ml[0m[0ms[0m[0me[0m[0m;[0m[0m
[0m[0m  [0m[0m  [0m[0m[1m53 │ [0m[0m [0m[0m [0m[0m}[0m[0m
[0m[0m  [0m[0m
[0m[0m  [0m[0m[1m[34mℹ[0m[0m [0m[0m[34mUnused variables are often the result of an incomplete refactoring, typos, or other sources of bugs.[0m[0m
[0m[0m  [0m[0m
[0m[0m  [0m[0m[1m[34mℹ[0m[0m [0m[0m[34mUnsafe fix: If this is intentional, prepend [0m[0m[1m[34me[0m[0m[34m with an underscore.[0m[0m
[0m[0m  [0m[0m
[0m[0m  [0m[0m  [0m[0m[1m 49[0m[0m [0m[0m[1m 49[0m[0m[1m │ [0m[0m [0m[0m [0m[0m [0m[0m [0m[0m [0m[0m [0m[0me[0m[0mx[0m[0me[0m[0mc[0m[0mS[0m[0my[0m[0mn[0m[0mc[0m[0m([0m[0m'[0m[0mg[0m[0mi[0m[0mt[0m[0m [0m[0mr[0m[0me[0m[0mv[0m[0m-[0m[0mp[0m[0ma[0m[0mr[0m[0ms[0m[0me[0m[0m [0m[0m-[0m[0m-[0m[0mi[0m[0ms[0m[0m-[0m[0mi[0m[0mn[0m[0ms[0m[0mi[0m[0md[0m[0me[0m[0m-[0m[0mw[0m[0mo[0m[0mr[0m[0mk[0m[0m-[0m[0mt[0m[0mr[0m[0me[0m[0me[0m[0m'[0m[0m,[0m[0m [0m[0m{[0m[0m [0m[0ms[0m[0mt[0m[0md[0m[0mi[0m[0mo[0m[0m:[0m[0m [0m[0m'[0m[0mi[0m[0mg[0m[0mn[0m[0mo[0m[0mr[0m[0me[0m[0m'[0m[0m [0m[0m}[0m[0m)[0m[0m;[0m[0m
[0m[0m  [0m[0m  [0m[0m[1m 50[0m[0m [0m[0m[1m 50[0m[0m[1m │ [0m[0m [0m[0m [0m[0m [0m[0m [0m[0m [0m[0m [0m[0mr[0m[0me[0m[0mt[0m[0mu[0m[0mr[0m[0mn[0m[0m [0m[0mt[0m[0mr[0m[0mu[0m[0me[0m[0m;[0m[0m
[0m[0m  [0m[0m  [0m[0m[1m 51[0m[0m [0m[0m [0m[0m [0m[0m [0m[0m[1m │ [0m[0m[31m-[0m[0m [0m[0m[2m[31m·[0m[0m[2m[31m·[0m[0m[31m}[0m[0m[2m[31m·[0m[0m[31mc[0m[0m[31ma[0m[0m[31mt[0m[0m[31mc[0m[0m[31mh[0m[0m[2m[31m·[0m[0m[31m([0m[0m[1m[31me[0m[0m[31m)[0m[0m[2m[31m·[0m[0m[31m{[0m[0m
[0m[0m  [0m[0m  [0m[0m [0m[0m [0m[0m [0m[0m [0m[0m[1m 51[0m[0m[1m │ [0m[0m[32m+[0m[0m [0m[0m[2m[32m·[0m[0m[2m[32m·[0m[0m[32m}[0m[0m[2m[32m·[0m[0m[32mc[0m[0m[32ma[0m[0m[32mt[0m[0m[32mc[0m[0m[32mh[0m[0m[2m[32m·[0m[0m[32m([0m[0m[1m[32m_[0m[0m[1m[32me[0m[0m[32m)[0m[0m[2m[32m·[0m[0m[32m{[0m[0m
[0m[0m  [0m[0m  [0m[0m[1m 52[0m[0m [0m[0m[1m 52[0m[0m[1m │ [0m[0m [0m[0m [0m[0m [0m[0m [0m[0m [0m[0m [0m[0mr[0m[0me[0m[0mt[0m[0mu[0m[0mr[0m[0mn[0m[0m [0m[0mf[0m[0ma[0m[0ml[0m[0ms[0m[0me[0m[0m;[0m[0m
[0m[0m  [0m[0m  [0m[0m[1m 53[0m[0m [0m[0m[1m 53[0m[0m[1m │ [0m[0m [0m[0m [0m[0m [0m[0m [0m[0m}[0m[0m
[0m[0m  [0m[0m
[0m
[0m[34mChecked [0m[0m[34m7[0m[0m[34m [0m[0m[34mfiles[0m[0m[34m in [0m[0m[34m8[0m[0m[2m[34mms[0m[0m[34m.[0m[0m[34m No fixes applied.[0m[0m
[0m[0m[33mFound [0m[0m[33m7[0m[0m[33m warnings.[0m
